<!doctype html>
<<<<<<< HEAD
<html lang="en"><head><meta charSet="utf-8"/><meta http-equiv="X-UA-Compatible" content="IE=edge"/><meta name="viewport" content="width=device-width, initial-scale=1"/><title>Mochawesome Report</title><link rel="stylesheet" href="assets\app.css"/></head><body data-raw="{&quot;stats&quot;:{&quot;suites&quot;:1,&quot;tests&quot;:9,&quot;passes&quot;:0,&quot;pending&quot;:0,&quot;failures&quot;:9,&quot;start&quot;:&quot;2023-07-25T13:15:01.775Z&quot;,&quot;end&quot;:&quot;2023-07-25T13:21:36.267Z&quot;,&quot;duration&quot;:394492,&quot;testsRegistered&quot;:9,&quot;passPercent&quot;:0,&quot;pendingPercent&quot;:0,&quot;other&quot;:0,&quot;hasOther&quot;:false,&quot;skipped&quot;:0,&quot;hasSkipped&quot;:false},&quot;results&quot;:[{&quot;uuid&quot;:&quot;b664c2f0-3430-42ed-8e16-0a5d9e7fa292&quot;,&quot;title&quot;:&quot;&quot;,&quot;fullFile&quot;:&quot;cypress\\e2e\\VerveAccess-UI-Tests-UAT\\B-CorporateAdminUATTests\\Reports.cy.js&quot;,&quot;file&quot;:&quot;cypress\\e2e\\VerveAccess-UI-Tests-UAT\\B-CorporateAdminUATTests\\Reports.cy.js&quot;,&quot;beforeHooks&quot;:[],&quot;afterHooks&quot;:[],&quot;tests&quot;:[],&quot;suites&quot;:[{&quot;uuid&quot;:&quot;eb7b4182-aaad-4c55-8c03-6d4e0a7a0db4&quot;,&quot;title&quot;:&quot;visit Verve Access&quot;,&quot;fullFile&quot;:&quot;&quot;,&quot;file&quot;:&quot;&quot;,&quot;beforeHooks&quot;:[],&quot;afterHooks&quot;:[],&quot;tests&quot;:[{&quot;title&quot;:&quot;it should search for valid report&quot;,&quot;fullTitle&quot;:&quot;visit Verve Access it should search for valid report&quot;,&quot;duration&quot;:48640,&quot;state&quot;:&quot;failed&quot;,&quot;pass&quot;:false,&quot;fail&quot;:true,&quot;pending&quot;:false,&quot;code&quot;:&quot;Rp.setGoToReportPage2();\nRp.setinputValue(&#x27;Issuer-Reports&#x27;);\nRp.setSummitButton(); //Rp.setVerify(&#x27;Issuer-Reports&#x27;)\nln.setLogout();&quot;,&quot;err&quot;:{&quot;message&quot;:&quot;AssertionError: Timed out retrying after 20000ms: Expected to find element: `#burger-cont &gt; :nth-child(1)`, but never found it.&quot;,&quot;estack&quot;:&quot;AssertionError: Timed out retrying after 20000ms: Expected to find element: `#burger-cont &gt; :nth-child(1)`, but never found it.\n    at Report.setGoToReportPage2 (https://verve-access-customer.k8.isw.la/__cypress/tests?p=cypress\\e2e\\VerveAccess-UI-Tests-UAT\\B-CorporateAdminUATTests\\Reports.cy.js:526:8)\n    at Context.eval (https://verve-access-customer.k8.isw.la/__cypress/tests?p=cypress\\e2e\\VerveAccess-UI-Tests-UAT\\B-CorporateAdminUATTests\\Reports.cy.js:387:8)&quot;},&quot;uuid&quot;:&quot;e834f7d6-9d27-403f-800e-34c154fdcf8d&quot;,&quot;parentUUID&quot;:&quot;eb7b4182-aaad-4c55-8c03-6d4e0a7a0db4&quot;,&quot;isHook&quot;:false,&quot;skipped&quot;:false},{&quot;title&quot;:&quot;it should search for invalid report&quot;,&quot;fullTitle&quot;:&quot;visit Verve Access it should search for invalid report&quot;,&quot;duration&quot;:41166,&quot;state&quot;:&quot;failed&quot;,&quot;pass&quot;:false,&quot;fail&quot;:true,&quot;pending&quot;:false,&quot;code&quot;:&quot;Rp.setGoToReportPage2();\nRp.setinputValue(&#x27;Issuedfdfdr-Reportddds&#x27;);\nRp.setSummitButton(); // Rp.setVerify(&#x27;No Data to Display&#x27;)\nln.setLogout();&quot;,&quot;err&quot;:{&quot;message&quot;:&quot;AssertionError: Timed out retrying after 20000ms: Expected to find element: `#burger-cont &gt; :nth-child(1)`, but never found it.&quot;,&quot;estack&quot;:&quot;AssertionError: Timed out retrying after 20000ms: Expected to find element: `#burger-cont &gt; :nth-child(1)`, but never found it.\n    at Report.setGoToReportPage2 (https://verve-access-customer.k8.isw.la/__cypress/tests?p=cypress\\e2e\\VerveAccess-UI-Tests-UAT\\B-CorporateAdminUATTests\\Reports.cy.js:526:8)\n    at Context.eval (https://verve-access-customer.k8.isw.la/__cypress/tests?p=cypress\\e2e\\VerveAccess-UI-Tests-UAT\\B-CorporateAdminUATTests\\Reports.cy.js:394:8)&quot;},&quot;uuid&quot;:&quot;55cfa5fe-3376-4bc7-a081-8ddb290c8f9d&quot;,&quot;parentUUID&quot;:&quot;eb7b4182-aaad-4c55-8c03-6d4e0a7a0db4&quot;,&quot;isHook&quot;:false,&quot;skipped&quot;:false},{&quot;title&quot;:&quot;it should search for empty Value&quot;,&quot;fullTitle&quot;:&quot;visit Verve Access it should search for empty Value&quot;,&quot;duration&quot;:40771,&quot;state&quot;:&quot;failed&quot;,&quot;pass&quot;:false,&quot;fail&quot;:true,&quot;pending&quot;:false,&quot;code&quot;:&quot;Rp.setGoToReportPage2();\nRp.setinputValue(&#x27; &#x27;);\nRp.setSummitButton(); //Rp.setVerify(&#x27;No Data to Display&#x27;)\nln.setLogout();&quot;,&quot;err&quot;:{&quot;message&quot;:&quot;AssertionError: Timed out retrying after 20000ms: Expected to find element: `#burger-cont &gt; :nth-child(1)`, but never found it.&quot;,&quot;estack&quot;:&quot;AssertionError: Timed out retrying after 20000ms: Expected to find element: `#burger-cont &gt; :nth-child(1)`, but never found it.\n    at Report.setGoToReportPage2 (https://verve-access-customer.k8.isw.la/__cypress/tests?p=cypress\\e2e\\VerveAccess-UI-Tests-UAT\\B-CorporateAdminUATTests\\Reports.cy.js:526:8)\n    at Context.eval (https://verve-access-customer.k8.isw.la/__cypress/tests?p=cypress\\e2e\\VerveAccess-UI-Tests-UAT\\B-CorporateAdminUATTests\\Reports.cy.js:401:8)&quot;},&quot;uuid&quot;:&quot;ff80d89b-7835-45f0-a02b-c1a2345f2e98&quot;,&quot;parentUUID&quot;:&quot;eb7b4182-aaad-4c55-8c03-6d4e0a7a0db4&quot;,&quot;isHook&quot;:false,&quot;skipped&quot;:false},{&quot;title&quot;:&quot;it should search for Report of last 30 days&quot;,&quot;fullTitle&quot;:&quot;visit Verve Access it should search for Report of last 30 days&quot;,&quot;duration&quot;:43121,&quot;state&quot;:&quot;failed&quot;,&quot;pass&quot;:false,&quot;fail&quot;:true,&quot;pending&quot;:false,&quot;code&quot;:&quot;Rp.setGoToReportPage2();\nRp.setselectFilter();\nRp.setDateTolast30days();\nln.setLogout();&quot;,&quot;err&quot;:{&quot;message&quot;:&quot;AssertionError: Timed out retrying after 20000ms: Expected to find element: `#burger-cont &gt; :nth-child(1)`, but never found it.&quot;,&quot;estack&quot;:&quot;AssertionError: Timed out retrying after 20000ms: Expected to find element: `#burger-cont &gt; :nth-child(1)`, but never found it.\n    at Report.setGoToReportPage2 (https://verve-access-customer.k8.isw.la/__cypress/tests?p=cypress\\e2e\\VerveAccess-UI-Tests-UAT\\B-CorporateAdminUATTests\\Reports.cy.js:526:8)\n    at Context.eval (https://verve-access-customer.k8.isw.la/__cypress/tests?p=cypress\\e2e\\VerveAccess-UI-Tests-UAT\\B-CorporateAdminUATTests\\Reports.cy.js:408:8)&quot;},&quot;uuid&quot;:&quot;faf6368b-9df4-44e6-b99c-c8c3032503f8&quot;,&quot;parentUUID&quot;:&quot;eb7b4182-aaad-4c55-8c03-6d4e0a7a0db4&quot;,&quot;isHook&quot;:false,&quot;skipped&quot;:false},{&quot;title&quot;:&quot;it should search for Report of This Month&quot;,&quot;fullTitle&quot;:&quot;visit Verve Access it should search for Report of This Month&quot;,&quot;duration&quot;:43131,&quot;state&quot;:&quot;failed&quot;,&quot;pass&quot;:false,&quot;fail&quot;:true,&quot;pending&quot;:false,&quot;code&quot;:&quot;Rp.setGoToReportPage2();\nRp.setselectFilter();\nRp.setDateToThisMonth();\nln.setLogout();&quot;,&quot;err&quot;:{&quot;message&quot;:&quot;AssertionError: Timed out retrying after 20000ms: Expected to find element: `#burger-cont &gt; :nth-child(1)`, but never found it.&quot;,&quot;estack&quot;:&quot;AssertionError: Timed out retrying after 20000ms: Expected to find element: `#burger-cont &gt; :nth-child(1)`, but never found it.\n    at Report.setGoToReportPage2 (https://verve-access-customer.k8.isw.la/__cypress/tests?p=cypress\\e2e\\VerveAccess-UI-Tests-UAT\\B-CorporateAdminUATTests\\Reports.cy.js:526:8)\n    at Context.eval (https://verve-access-customer.k8.isw.la/__cypress/tests?p=cypress\\e2e\\VerveAccess-UI-Tests-UAT\\B-CorporateAdminUATTests\\Reports.cy.js:414:8)&quot;},&quot;uuid&quot;:&quot;16cbb133-a88d-49f4-97c7-3d335f2cd0d7&quot;,&quot;parentUUID&quot;:&quot;eb7b4182-aaad-4c55-8c03-6d4e0a7a0db4&quot;,&quot;isHook&quot;:false,&quot;skipped&quot;:false},{&quot;title&quot;:&quot;it should search for Report of last Month&quot;,&quot;fullTitle&quot;:&quot;visit Verve Access it should search for Report of last Month&quot;,&quot;duration&quot;:44283,&quot;state&quot;:&quot;failed&quot;,&quot;pass&quot;:false,&quot;fail&quot;:true,&quot;pending&quot;:false,&quot;code&quot;:&quot;Rp.setGoToReportPage2();\nRp.setselectFilter();\nRp.setDateToLastMonth();\nln.setLogout();&quot;,&quot;err&quot;:{&quot;message&quot;:&quot;AssertionError: Timed out retrying after 20000ms: Expected to find element: `#burger-cont &gt; :nth-child(1)`, but never found it.&quot;,&quot;estack&quot;:&quot;AssertionError: Timed out retrying after 20000ms: Expected to find element: `#burger-cont &gt; :nth-child(1)`, but never found it.\n    at Report.setGoToReportPage2 (https://verve-access-customer.k8.isw.la/__cypress/tests?p=cypress\\e2e\\VerveAccess-UI-Tests-UAT\\B-CorporateAdminUATTests\\Reports.cy.js:526:8)\n    at Context.eval (https://verve-access-customer.k8.isw.la/__cypress/tests?p=cypress\\e2e\\VerveAccess-UI-Tests-UAT\\B-CorporateAdminUATTests\\Reports.cy.js:420:8)&quot;},&quot;uuid&quot;:&quot;018cbbb2-73ab-4b30-8afb-c32ad391e371&quot;,&quot;parentUUID&quot;:&quot;eb7b4182-aaad-4c55-8c03-6d4e0a7a0db4&quot;,&quot;isHook&quot;:false,&quot;skipped&quot;:false},{&quot;title&quot;:&quot;it should search for Report of Today&quot;,&quot;fullTitle&quot;:&quot;visit Verve Access it should search for Report of Today&quot;,&quot;duration&quot;:41696,&quot;state&quot;:&quot;failed&quot;,&quot;pass&quot;:false,&quot;fail&quot;:true,&quot;pending&quot;:false,&quot;code&quot;:&quot;Rp.setGoToReportPage2();\nRp.setselectFilter();\nRp.setDateToToday();\nln.setLogout();&quot;,&quot;err&quot;:{&quot;message&quot;:&quot;AssertionError: Timed out retrying after 20000ms: Expected to find element: `#burger-cont &gt; :nth-child(1)`, but never found it.&quot;,&quot;estack&quot;:&quot;AssertionError: Timed out retrying after 20000ms: Expected to find element: `#burger-cont &gt; :nth-child(1)`, but never found it.\n    at Report.setGoToReportPage2 (https://verve-access-customer.k8.isw.la/__cypress/tests?p=cypress\\e2e\\VerveAccess-UI-Tests-UAT\\B-CorporateAdminUATTests\\Reports.cy.js:526:8)\n    at Context.eval (https://verve-access-customer.k8.isw.la/__cypress/tests?p=cypress\\e2e\\VerveAccess-UI-Tests-UAT\\B-CorporateAdminUATTests\\Reports.cy.js:426:8)&quot;},&quot;uuid&quot;:&quot;3628134a-3b46-4ce5-b51d-a36a481ccfdf&quot;,&quot;parentUUID&quot;:&quot;eb7b4182-aaad-4c55-8c03-6d4e0a7a0db4&quot;,&quot;isHook&quot;:false,&quot;skipped&quot;:false},{&quot;title&quot;:&quot;it should search for Report of Yesterday&quot;,&quot;fullTitle&quot;:&quot;visit Verve Access it should search for Report of Yesterday&quot;,&quot;duration&quot;:44094,&quot;state&quot;:&quot;failed&quot;,&quot;pass&quot;:false,&quot;fail&quot;:true,&quot;pending&quot;:false,&quot;code&quot;:&quot;Rp.setGoToReportPage2();\nRp.setselectFilter();\nRp.setDateToYesterday();\nln.setLogout();&quot;,&quot;err&quot;:{&quot;message&quot;:&quot;AssertionError: Timed out retrying after 20000ms: Expected to find element: `#burger-cont &gt; :nth-child(1)`, but never found it.&quot;,&quot;estack&quot;:&quot;AssertionError: Timed out retrying after 20000ms: Expected to find element: `#burger-cont &gt; :nth-child(1)`, but never found it.\n    at Report.setGoToReportPage2 (https://verve-access-customer.k8.isw.la/__cypress/tests?p=cypress\\e2e\\VerveAccess-UI-Tests-UAT\\B-CorporateAdminUATTests\\Reports.cy.js:526:8)\n    at Context.eval (https://verve-access-customer.k8.isw.la/__cypress/tests?p=cypress\\e2e\\VerveAccess-UI-Tests-UAT\\B-CorporateAdminUATTests\\Reports.cy.js:432:8)&quot;},&quot;uuid&quot;:&quot;962f475f-6224-4d13-9869-6745f9732386&quot;,&quot;parentUUID&quot;:&quot;eb7b4182-aaad-4c55-8c03-6d4e0a7a0db4&quot;,&quot;isHook&quot;:false,&quot;skipped&quot;:false},{&quot;title&quot;:&quot;it should search for Report of last seven days&quot;,&quot;fullTitle&quot;:&quot;visit Verve Access it should search for Report of last seven days&quot;,&quot;duration&quot;:44732,&quot;state&quot;:&quot;failed&quot;,&quot;pass&quot;:false,&quot;fail&quot;:true,&quot;pending&quot;:false,&quot;code&quot;:&quot;Rp.setGoToReportPage2();\nRp.setselectFilter();\nRp.setDateToLast7Days();\nln.setLogout();&quot;,&quot;err&quot;:{&quot;message&quot;:&quot;AssertionError: Timed out retrying after 20000ms: Expected to find element: `#burger-cont &gt; :nth-child(1)`, but never found it.&quot;,&quot;estack&quot;:&quot;AssertionError: Timed out retrying after 20000ms: Expected to find element: `#burger-cont &gt; :nth-child(1)`, but never found it.\n    at Report.setGoToReportPage2 (https://verve-access-customer.k8.isw.la/__cypress/tests?p=cypress\\e2e\\VerveAccess-UI-Tests-UAT\\B-CorporateAdminUATTests\\Reports.cy.js:526:8)\n    at Context.eval (https://verve-access-customer.k8.isw.la/__cypress/tests?p=cypress\\e2e\\VerveAccess-UI-Tests-UAT\\B-CorporateAdminUATTests\\Reports.cy.js:438:8)&quot;},&quot;uuid&quot;:&quot;66518e01-a04b-4c1b-8d8f-0e5c9cfada09&quot;,&quot;parentUUID&quot;:&quot;eb7b4182-aaad-4c55-8c03-6d4e0a7a0db4&quot;,&quot;isHook&quot;:false,&quot;skipped&quot;:false}],&quot;suites&quot;:[],&quot;passes&quot;:[],&quot;failures&quot;:[&quot;e834f7d6-9d27-403f-800e-34c154fdcf8d&quot;,&quot;55cfa5fe-3376-4bc7-a081-8ddb290c8f9d&quot;,&quot;ff80d89b-7835-45f0-a02b-c1a2345f2e98&quot;,&quot;faf6368b-9df4-44e6-b99c-c8c3032503f8&quot;,&quot;16cbb133-a88d-49f4-97c7-3d335f2cd0d7&quot;,&quot;018cbbb2-73ab-4b30-8afb-c32ad391e371&quot;,&quot;3628134a-3b46-4ce5-b51d-a36a481ccfdf&quot;,&quot;962f475f-6224-4d13-9869-6745f9732386&quot;,&quot;66518e01-a04b-4c1b-8d8f-0e5c9cfada09&quot;],&quot;pending&quot;:[],&quot;skipped&quot;:[],&quot;duration&quot;:391634,&quot;root&quot;:false,&quot;rootEmpty&quot;:false,&quot;_timeout&quot;:2000}],&quot;passes&quot;:[],&quot;failures&quot;:[],&quot;pending&quot;:[],&quot;skipped&quot;:[],&quot;duration&quot;:0,&quot;root&quot;:true,&quot;rootEmpty&quot;:true,&quot;_timeout&quot;:2000}],&quot;meta&quot;:{&quot;mocha&quot;:{&quot;version&quot;:&quot;7.0.1&quot;},&quot;mochawesome&quot;:{&quot;options&quot;:{&quot;quiet&quot;:false,&quot;reportFilename&quot;:&quot;mochawesome&quot;,&quot;saveHtml&quot;:true,&quot;saveJson&quot;:true,&quot;consoleReporter&quot;:&quot;spec&quot;,&quot;useInlineDiffs&quot;:false,&quot;code&quot;:true},&quot;version&quot;:&quot;7.1.3&quot;},&quot;marge&quot;:{&quot;options&quot;:{&quot;id&quot;:&quot;default&quot;,&quot;reportDir&quot;:&quot;cypress/reports/mocha&quot;,&quot;mochaFile&quot;:&quot;cypress/reports/results/my-test-output-[hash].xml&quot;,&quot;quite&quot;:true,&quot;overwrite&quot;:false,&quot;html&quot;:true,&quot;json&quot;:true},&quot;version&quot;:&quot;6.2.0&quot;}}}" data-config="{&quot;reportFilename&quot;:&quot;mochawesome&quot;,&quot;reportDir&quot;:&quot;cypress/reports/mocha&quot;,&quot;reportTitle&quot;:&quot;verveaccessuitests_uat&quot;,&quot;reportPageTitle&quot;:&quot;Mochawesome Report&quot;,&quot;inline&quot;:false,&quot;inlineAssets&quot;:false,&quot;cdn&quot;:false,&quot;charts&quot;:false,&quot;enableCharts&quot;:false,&quot;code&quot;:true,&quot;enableCode&quot;:true,&quot;autoOpen&quot;:false,&quot;overwrite&quot;:false,&quot;timestamp&quot;:false,&quot;ts&quot;:false,&quot;showPassed&quot;:true,&quot;showFailed&quot;:true,&quot;showPending&quot;:true,&quot;showSkipped&quot;:false,&quot;showHooks&quot;:&quot;failed&quot;,&quot;saveJson&quot;:true,&quot;saveHtml&quot;:true,&quot;dev&quot;:false,&quot;assetsDir&quot;:&quot;cypress\\reports\\mocha\\assets&quot;,&quot;jsonFile&quot;:&quot;C:\\Users\\Chijioke.njoku\\Documents\\verveaccessuitests_uat\\cypress\\reports\\mocha\\mochawesome.json&quot;,&quot;htmlFile&quot;:&quot;C:\\Users\\Chijioke.njoku\\Documents\\verveaccessuitests_uat\\cypress\\reports\\mocha\\mochawesome.html&quot;}"><div id="report"></div><script src="assets\app.js"></script></body></html>
=======
<html lang="en"><head><meta charSet="utf-8"/><meta http-equiv="X-UA-Compatible" content="IE=edge"/><meta name="viewport" content="width=device-width, initial-scale=1"/><title>Mochawesome Report</title><link rel="stylesheet" href="assets\app.css"/></head><body data-raw="{&quot;stats&quot;:{&quot;suites&quot;:1,&quot;tests&quot;:1,&quot;passes&quot;:0,&quot;pending&quot;:0,&quot;failures&quot;:1,&quot;start&quot;:&quot;2023-08-22T14:30:54.257Z&quot;,&quot;end&quot;:&quot;2023-08-22T14:30:54.949Z&quot;,&quot;duration&quot;:692,&quot;testsRegistered&quot;:1,&quot;passPercent&quot;:0,&quot;pendingPercent&quot;:0,&quot;other&quot;:0,&quot;hasOther&quot;:false,&quot;skipped&quot;:0,&quot;hasSkipped&quot;:false},&quot;results&quot;:[{&quot;uuid&quot;:&quot;ccf334b7-e363-44b0-9de7-9651a9f7eade&quot;,&quot;title&quot;:&quot;&quot;,&quot;fullFile&quot;:&quot;cypress\\e2e\\VerveAccess-UI-Tests-UAT\\B-CorporateAdminUATTests\\Artwork.cy.js&quot;,&quot;file&quot;:&quot;cypress\\e2e\\VerveAccess-UI-Tests-UAT\\B-CorporateAdminUATTests\\Artwork.cy.js&quot;,&quot;beforeHooks&quot;:[],&quot;afterHooks&quot;:[],&quot;tests&quot;:[],&quot;suites&quot;:[{&quot;uuid&quot;:&quot;da8d5e40-07db-4bdb-9159-7359045d14c5&quot;,&quot;title&quot;:&quot;visit Verve Access&quot;,&quot;fullFile&quot;:&quot;&quot;,&quot;file&quot;:&quot;&quot;,&quot;beforeHooks&quot;:[],&quot;afterHooks&quot;:[],&quot;tests&quot;:[{&quot;title&quot;:&quot;search by valid title Id on the approved tab&quot;,&quot;fullTitle&quot;:&quot;visit Verve Access search by valid title Id on the approved tab&quot;,&quot;duration&quot;:332,&quot;state&quot;:&quot;failed&quot;,&quot;pass&quot;:false,&quot;fail&quot;:true,&quot;pending&quot;:false,&quot;code&quot;:&quot;ArtworkPage.selSvg().click({\n  force: true\n});\ncy.wait(6000);\nArtworkPage.selArtwork().click();\nArtworkPage.selArtworkId().type(\&quot;Contract Extension Letter - Lukman Olabanjo.pdf\&quot;);\nArtworkPage.clickSearchBtn().click();&quot;,&quot;err&quot;:{&quot;message&quot;:&quot;TypeError: cy.login is not a function\n\nBecause this error occurred during a `before each` hook we are skipping the remaining tests in the current suite: `visit Verve Access`&quot;,&quot;estack&quot;:&quot;TypeError: cy.login is not a function\n\nBecause this error occurred during a `before each` hook we are skipping the remaining tests in the current suite: `visit Verve Access`\n    at Context.eval (https://verve-access-customer.k8.isw.la/__cypress/tests?p=cypress\\e2e\\VerveAccess-UI-Tests-UAT\\B-CorporateAdminUATTests\\Artwork.cy.js:265:8)&quot;},&quot;uuid&quot;:&quot;556d0e7d-3b0f-4919-ad4d-b1048898858c&quot;,&quot;parentUUID&quot;:&quot;da8d5e40-07db-4bdb-9159-7359045d14c5&quot;,&quot;isHook&quot;:false,&quot;skipped&quot;:false}],&quot;suites&quot;:[],&quot;passes&quot;:[],&quot;failures&quot;:[&quot;556d0e7d-3b0f-4919-ad4d-b1048898858c&quot;],&quot;pending&quot;:[],&quot;skipped&quot;:[],&quot;duration&quot;:332,&quot;root&quot;:false,&quot;rootEmpty&quot;:false,&quot;_timeout&quot;:2000}],&quot;passes&quot;:[],&quot;failures&quot;:[],&quot;pending&quot;:[],&quot;skipped&quot;:[],&quot;duration&quot;:0,&quot;root&quot;:true,&quot;rootEmpty&quot;:true,&quot;_timeout&quot;:2000}],&quot;meta&quot;:{&quot;mocha&quot;:{&quot;version&quot;:&quot;7.0.1&quot;},&quot;mochawesome&quot;:{&quot;options&quot;:{&quot;quiet&quot;:false,&quot;reportFilename&quot;:&quot;mochawesome&quot;,&quot;saveHtml&quot;:true,&quot;saveJson&quot;:true,&quot;consoleReporter&quot;:&quot;spec&quot;,&quot;useInlineDiffs&quot;:false,&quot;code&quot;:true},&quot;version&quot;:&quot;7.1.3&quot;},&quot;marge&quot;:{&quot;options&quot;:{&quot;id&quot;:&quot;default&quot;,&quot;reportDir&quot;:&quot;cypress/reports/mocha&quot;,&quot;mochaFile&quot;:&quot;cypress/reports/results/my-test-output-[hash].xml&quot;,&quot;quite&quot;:true,&quot;overwrite&quot;:false,&quot;html&quot;:true,&quot;json&quot;:true},&quot;version&quot;:&quot;6.2.0&quot;}}}" data-config="{&quot;reportFilename&quot;:&quot;mochawesome&quot;,&quot;reportDir&quot;:&quot;cypress/reports/mocha&quot;,&quot;reportTitle&quot;:&quot;verveaccessuitests_uat&quot;,&quot;reportPageTitle&quot;:&quot;Mochawesome Report&quot;,&quot;inline&quot;:false,&quot;inlineAssets&quot;:false,&quot;cdn&quot;:false,&quot;charts&quot;:false,&quot;enableCharts&quot;:false,&quot;code&quot;:true,&quot;enableCode&quot;:true,&quot;autoOpen&quot;:false,&quot;overwrite&quot;:false,&quot;timestamp&quot;:false,&quot;ts&quot;:false,&quot;showPassed&quot;:true,&quot;showFailed&quot;:true,&quot;showPending&quot;:true,&quot;showSkipped&quot;:false,&quot;showHooks&quot;:&quot;failed&quot;,&quot;saveJson&quot;:true,&quot;saveHtml&quot;:true,&quot;dev&quot;:false,&quot;assetsDir&quot;:&quot;cypress\\reports\\mocha\\assets&quot;,&quot;jsonFile&quot;:&quot;C:\\Users\\ogechi.nwaobiala\\Documents\\verveaccessuitests_uat\\cypress\\reports\\mocha\\mochawesome.json&quot;,&quot;htmlFile&quot;:&quot;C:\\Users\\ogechi.nwaobiala\\Documents\\verveaccessuitests_uat\\cypress\\reports\\mocha\\mochawesome.html&quot;}"><div id="report"></div><script src="assets\app.js"></script></body></html>
>>>>>>> 6758b0e7ff0c6b758b70610ce02f26bc896d4963
