<!doctype html>
<<<<<<< HEAD
<html lang="en"><head><meta charSet="utf-8"/><meta http-equiv="X-UA-Compatible" content="IE=edge"/><meta name="viewport" content="width=device-width, initial-scale=1"/><title>Mochawesome Report</title><link rel="stylesheet" href="assets\app.css"/></head><body data-raw="{&quot;stats&quot;:{&quot;suites&quot;:1,&quot;tests&quot;:28,&quot;passes&quot;:0,&quot;pending&quot;:0,&quot;failures&quot;:28,&quot;start&quot;:&quot;2023-07-25T11:52:39.565Z&quot;,&quot;end&quot;:&quot;2023-07-25T12:17:01.050Z&quot;,&quot;duration&quot;:1461485,&quot;testsRegistered&quot;:28,&quot;passPercent&quot;:0,&quot;pendingPercent&quot;:0,&quot;other&quot;:0,&quot;hasOther&quot;:false,&quot;skipped&quot;:0,&quot;hasSkipped&quot;:false},&quot;results&quot;:[{&quot;uuid&quot;:&quot;56eb480b-cc25-4eb8-8bb3-56da0b62dfe9&quot;,&quot;title&quot;:&quot;&quot;,&quot;fullFile&quot;:&quot;cypress\\e2e\\VerveAccess-UI-Tests-UAT\\B-CorporateAdminUATTests\\ContactDetails.cy.js&quot;,&quot;file&quot;:&quot;cypress\\e2e\\VerveAccess-UI-Tests-UAT\\B-CorporateAdminUATTests\\ContactDetails.cy.js&quot;,&quot;beforeHooks&quot;:[],&quot;afterHooks&quot;:[],&quot;tests&quot;:[],&quot;suites&quot;:[{&quot;uuid&quot;:&quot;cd52d4f8-d38c-43e4-954c-d8d1255bf873&quot;,&quot;title&quot;:&quot;visit Verve Access&quot;,&quot;fullFile&quot;:&quot;&quot;,&quot;file&quot;:&quot;&quot;,&quot;beforeHooks&quot;:[],&quot;afterHooks&quot;:[],&quot;tests&quot;:[{&quot;title&quot;:&quot;it should Add contact details&quot;,&quot;fullTitle&quot;:&quot;visit Verve Access it should Add contact details&quot;,&quot;duration&quot;:45724,&quot;state&quot;:&quot;failed&quot;,&quot;pass&quot;:false,&quot;fail&quot;:true,&quot;pending&quot;:false,&quot;code&quot;:&quot;CD.setGoToContactDetailsPage();\nCD.setAddContactButton();\nCD.setinputName(varTest.text + &#x27; &#x27; + varTest2.testname);\nCD.setinputEmail(&#x27;softwaretest&#x27; + varTest3.number + &#x27;@qa.team&#x27;);\nCD.setinputPhoneNumber(&#x27;0901&#x27; + varTest2.number + &#x27;23&#x27;);\nCD.setinputRole(&#x27;sale/marketing&#x27;);\nCD.setinputDepartment();\nCD.setSummitButton();\nCD.setConfirmAddContact(&#x27;Contact details was successfully created.&#x27;);\nln.setLogout();&quot;,&quot;err&quot;:{&quot;message&quot;:&quot;AssertionError: Timed out retrying after 20000ms: Expected to find element: `#burger-cont &gt; :nth-child(1)`, but never found it.&quot;,&quot;estack&quot;:&quot;AssertionError: Timed out retrying after 20000ms: Expected to find element: `#burger-cont &gt; :nth-child(1)`, but never found it.\n    at ContactDetails.setGoToContactDetailsPage (https://verve-access-customer.k8.isw.la/__cypress/tests?p=cypress\\e2e\\VerveAccess-UI-Tests-UAT\\B-CorporateAdminUATTests\\ContactDetails.cy.js:149:8)\n    at Context.eval (https://verve-access-customer.k8.isw.la/__cypress/tests?p=cypress\\e2e\\VerveAccess-UI-Tests-UAT\\B-CorporateAdminUATTests\\ContactDetails.cy.js:343:8)&quot;},&quot;uuid&quot;:&quot;be0af5de-a221-4dbc-82b5-c8287addd572&quot;,&quot;parentUUID&quot;:&quot;cd52d4f8-d38c-43e4-954c-d8d1255bf873&quot;,&quot;isHook&quot;:false,&quot;skipped&quot;:false},{&quot;title&quot;:&quot;it should not Add contact details without name&quot;,&quot;fullTitle&quot;:&quot;visit Verve Access it should not Add contact details without name&quot;,&quot;duration&quot;:39792,&quot;state&quot;:&quot;failed&quot;,&quot;pass&quot;:false,&quot;fail&quot;:true,&quot;pending&quot;:false,&quot;code&quot;:&quot;CD.setGoToContactDetailsPage();\nCD.setAddContactButton(); //CD.setinputName(varTest.text + &#x27; &#x27; + varTest2.testname)\nCD.setinputEmail(&#x27;softwaretest&#x27; + varTest3.number + &#x27;@qa.team&#x27;);\nCD.setinputPhoneNumber(&#x27;0901&#x27; + varTest2.number + &#x27;23&#x27;);\nCD.setinputRole(&#x27;sale/marketing&#x27;);\nCD.setinputDepartment();\nCD.setSummitButton();\nCD.setConfirmAddContact(&#x27;name cannot be empty!&#x27;);\nCD.setCloseTab();\nln.setLogout();&quot;,&quot;err&quot;:{&quot;message&quot;:&quot;AssertionError: Timed out retrying after 20000ms: Expected to find element: `#burger-cont &gt; :nth-child(1)`, but never found it.&quot;,&quot;estack&quot;:&quot;AssertionError: Timed out retrying after 20000ms: Expected to find element: `#burger-cont &gt; :nth-child(1)`, but never found it.\n    at ContactDetails.setGoToContactDetailsPage (https://verve-access-customer.k8.isw.la/__cypress/tests?p=cypress\\e2e\\VerveAccess-UI-Tests-UAT\\B-CorporateAdminUATTests\\ContactDetails.cy.js:149:8)\n    at Context.eval (https://verve-access-customer.k8.isw.la/__cypress/tests?p=cypress\\e2e\\VerveAccess-UI-Tests-UAT\\B-CorporateAdminUATTests\\ContactDetails.cy.js:355:8)&quot;},&quot;uuid&quot;:&quot;d0a9d863-b0a7-4826-b7f5-1376f1d0c410&quot;,&quot;parentUUID&quot;:&quot;cd52d4f8-d38c-43e4-954c-d8d1255bf873&quot;,&quot;isHook&quot;:false,&quot;skipped&quot;:false},{&quot;title&quot;:&quot;it should not Add contact details without email&quot;,&quot;fullTitle&quot;:&quot;visit Verve Access it should not Add contact details without email&quot;,&quot;duration&quot;:39853,&quot;state&quot;:&quot;failed&quot;,&quot;pass&quot;:false,&quot;fail&quot;:true,&quot;pending&quot;:false,&quot;code&quot;:&quot;CD.setGoToContactDetailsPage();\nCD.setAddContactButton();\nCD.setinputName(varTest.text + &#x27; &#x27; + varTest2.testname); //CD.setinputEmail(&#x27;softwaretest&#x27;+varTest3.number +&#x27;@qa.team&#x27;)\nCD.setinputPhoneNumber(&#x27;0901&#x27; + varTest2.number + &#x27;23&#x27;);\nCD.setinputRole(&#x27;sale/marketing&#x27;);\nCD.setinputDepartment();\nCD.setSummitButton();\nCD.setConfirmAddContact(&#x27;email cannot be empty!&#x27;);\nCD.setCloseTab();\nln.setLogout();&quot;,&quot;err&quot;:{&quot;message&quot;:&quot;AssertionError: Timed out retrying after 20000ms: Expected to find element: `#burger-cont &gt; :nth-child(1)`, but never found it.&quot;,&quot;estack&quot;:&quot;AssertionError: Timed out retrying after 20000ms: Expected to find element: `#burger-cont &gt; :nth-child(1)`, but never found it.\n    at ContactDetails.setGoToContactDetailsPage (https://verve-access-customer.k8.isw.la/__cypress/tests?p=cypress\\e2e\\VerveAccess-UI-Tests-UAT\\B-CorporateAdminUATTests\\ContactDetails.cy.js:149:8)\n    at Context.eval (https://verve-access-customer.k8.isw.la/__cypress/tests?p=cypress\\e2e\\VerveAccess-UI-Tests-UAT\\B-CorporateAdminUATTests\\ContactDetails.cy.js:368:8)&quot;},&quot;uuid&quot;:&quot;8c7c7064-8c54-49e0-a3f7-ef11d5c31eda&quot;,&quot;parentUUID&quot;:&quot;cd52d4f8-d38c-43e4-954c-d8d1255bf873&quot;,&quot;isHook&quot;:false,&quot;skipped&quot;:false},{&quot;title&quot;:&quot;it should not Add contact details without phone number&quot;,&quot;fullTitle&quot;:&quot;visit Verve Access it should not Add contact details without phone number&quot;,&quot;duration&quot;:40563,&quot;state&quot;:&quot;failed&quot;,&quot;pass&quot;:false,&quot;fail&quot;:true,&quot;pending&quot;:false,&quot;code&quot;:&quot;CD.setGoToContactDetailsPage();\nCD.setAddContactButton();\nCD.setinputName(varTest.text + &#x27; &#x27; + varTest2.testname);\nCD.setinputEmail(&#x27;softwaretest&#x27; + varTest3.number + &#x27;@qa.team&#x27;);\nCD.setinputPhoneNumber(&#x27; &#x27;);\nCD.setinputRole(&#x27;sale/marketing&#x27;);\nCD.setinputDepartment(); //CD.setSummitButton()\nCD.setConfirmAddContact(&#x27;phoneNumber cannot be empty!&#x27;);\nCD.setCloseTab();\nln.setLogout();&quot;,&quot;err&quot;:{&quot;message&quot;:&quot;AssertionError: Timed out retrying after 20000ms: Expected to find element: `#burger-cont &gt; :nth-child(1)`, but never found it.&quot;,&quot;estack&quot;:&quot;AssertionError: Timed out retrying after 20000ms: Expected to find element: `#burger-cont &gt; :nth-child(1)`, but never found it.\n    at ContactDetails.setGoToContactDetailsPage (https://verve-access-customer.k8.isw.la/__cypress/tests?p=cypress\\e2e\\VerveAccess-UI-Tests-UAT\\B-CorporateAdminUATTests\\ContactDetails.cy.js:149:8)\n    at Context.eval (https://verve-access-customer.k8.isw.la/__cypress/tests?p=cypress\\e2e\\VerveAccess-UI-Tests-UAT\\B-CorporateAdminUATTests\\ContactDetails.cy.js:381:8)&quot;},&quot;uuid&quot;:&quot;c518d1df-4871-45fc-915d-70cd99e49371&quot;,&quot;parentUUID&quot;:&quot;cd52d4f8-d38c-43e4-954c-d8d1255bf873&quot;,&quot;isHook&quot;:false,&quot;skipped&quot;:false},{&quot;title&quot;:&quot;it should not Add contact details without Role&quot;,&quot;fullTitle&quot;:&quot;visit Verve Access it should not Add contact details without Role&quot;,&quot;duration&quot;:39984,&quot;state&quot;:&quot;failed&quot;,&quot;pass&quot;:false,&quot;fail&quot;:true,&quot;pending&quot;:false,&quot;code&quot;:&quot;CD.setGoToContactDetailsPage();\nCD.setAddContactButton();\nCD.setinputName(varTest.text + &#x27; &#x27; + varTest2.testname);\nCD.setinputEmail(&#x27;softwaretest&#x27; + varTest3.number + &#x27;@qa.team&#x27;);\nCD.setinputPhoneNumber(&#x27;0901&#x27; + varTest2.number + &#x27;23&#x27;); // CD.setinputRole(&#x27;sale/marketing&#x27;)\nCD.setinputDepartment();\nCD.setSummitButton();\nCD.setConfirmAddContact(&#x27;designation cannot be empty!&#x27;);\nCD.setCloseTab();\nln.setLogout();&quot;,&quot;err&quot;:{&quot;message&quot;:&quot;AssertionError: Timed out retrying after 20000ms: Expected to find element: `#burger-cont &gt; :nth-child(1)`, but never found it.&quot;,&quot;estack&quot;:&quot;AssertionError: Timed out retrying after 20000ms: Expected to find element: `#burger-cont &gt; :nth-child(1)`, but never found it.\n    at ContactDetails.setGoToContactDetailsPage (https://verve-access-customer.k8.isw.la/__cypress/tests?p=cypress\\e2e\\VerveAccess-UI-Tests-UAT\\B-CorporateAdminUATTests\\ContactDetails.cy.js:149:8)\n    at Context.eval (https://verve-access-customer.k8.isw.la/__cypress/tests?p=cypress\\e2e\\VerveAccess-UI-Tests-UAT\\B-CorporateAdminUATTests\\ContactDetails.cy.js:394:8)&quot;},&quot;uuid&quot;:&quot;5a8d70bf-d2e2-4b0e-a7e2-467b3926ae83&quot;,&quot;parentUUID&quot;:&quot;cd52d4f8-d38c-43e4-954c-d8d1255bf873&quot;,&quot;isHook&quot;:false,&quot;skipped&quot;:false},{&quot;title&quot;:&quot;it should not Add contact details without department&quot;,&quot;fullTitle&quot;:&quot;visit Verve Access it should not Add contact details without department&quot;,&quot;duration&quot;:39914,&quot;state&quot;:&quot;failed&quot;,&quot;pass&quot;:false,&quot;fail&quot;:true,&quot;pending&quot;:false,&quot;code&quot;:&quot;CD.setGoToContactDetailsPage();\nCD.setAddContactButton();\nCD.setinputName(varTest.text + &#x27; &#x27; + varTest2.testname);\nCD.setinputEmail(&#x27;softwaretest&#x27; + varTest3.number + &#x27;@qa.team&#x27;);\nCD.setinputPhoneNumber(&#x27;0901&#x27; + varTest2.number + &#x27;23&#x27;);\nCD.setinputRole(&#x27;sale/marketing&#x27;); //CD.setinputDepartment()\nCD.setSummitButton();\nCD.setConfirmAddContact(&#x27;departmentId cannot be empty!&#x27;);\nCD.setCloseTab();\nln.setLogout();&quot;,&quot;err&quot;:{&quot;message&quot;:&quot;AssertionError: Timed out retrying after 20000ms: Expected to find element: `#burger-cont &gt; :nth-child(1)`, but never found it.&quot;,&quot;estack&quot;:&quot;AssertionError: Timed out retrying after 20000ms: Expected to find element: `#burger-cont &gt; :nth-child(1)`, but never found it.\n    at ContactDetails.setGoToContactDetailsPage (https://verve-access-customer.k8.isw.la/__cypress/tests?p=cypress\\e2e\\VerveAccess-UI-Tests-UAT\\B-CorporateAdminUATTests\\ContactDetails.cy.js:149:8)\n    at Context.eval (https://verve-access-customer.k8.isw.la/__cypress/tests?p=cypress\\e2e\\VerveAccess-UI-Tests-UAT\\B-CorporateAdminUATTests\\ContactDetails.cy.js:407:8)&quot;},&quot;uuid&quot;:&quot;e55173f7-3f30-4c43-a266-6354c6f0702b&quot;,&quot;parentUUID&quot;:&quot;cd52d4f8-d38c-43e4-954c-d8d1255bf873&quot;,&quot;isHook&quot;:false,&quot;skipped&quot;:false},{&quot;title&quot;:&quot;it should view contact details Added&quot;,&quot;fullTitle&quot;:&quot;visit Verve Access it should view contact details Added&quot;,&quot;duration&quot;:40170,&quot;state&quot;:&quot;failed&quot;,&quot;pass&quot;:false,&quot;fail&quot;:true,&quot;pending&quot;:false,&quot;code&quot;:&quot;CD.setGoToContactDetailsPage();\nCD.setViewContact();\nCD.setCloseTab();\nln.setLogout();&quot;,&quot;err&quot;:{&quot;message&quot;:&quot;AssertionError: Timed out retrying after 20000ms: Expected to find element: `#burger-cont &gt; :nth-child(1)`, but never found it.&quot;,&quot;estack&quot;:&quot;AssertionError: Timed out retrying after 20000ms: Expected to find element: `#burger-cont &gt; :nth-child(1)`, but never found it.\n    at ContactDetails.setGoToContactDetailsPage (https://verve-access-customer.k8.isw.la/__cypress/tests?p=cypress\\e2e\\VerveAccess-UI-Tests-UAT\\B-CorporateAdminUATTests\\ContactDetails.cy.js:149:8)\n    at Context.eval (https://verve-access-customer.k8.isw.la/__cypress/tests?p=cypress\\e2e\\VerveAccess-UI-Tests-UAT\\B-CorporateAdminUATTests\\ContactDetails.cy.js:420:8)&quot;},&quot;uuid&quot;:&quot;3119993d-3e84-432b-88b5-dcd6d2e4184e&quot;,&quot;parentUUID&quot;:&quot;cd52d4f8-d38c-43e4-954c-d8d1255bf873&quot;,&quot;isHook&quot;:false,&quot;skipped&quot;:false},{&quot;title&quot;:&quot;it should  Edit name&quot;,&quot;fullTitle&quot;:&quot;visit Verve Access it should  Edit name&quot;,&quot;duration&quot;:40895,&quot;state&quot;:&quot;failed&quot;,&quot;pass&quot;:false,&quot;fail&quot;:true,&quot;pending&quot;:false,&quot;code&quot;:&quot;CD.setGoToContactDetailsPage();\nCD.setEditContact();\nCD.setinputName2(&#x27;ab&#x27; + varTest.text + &#x27; &#x27; + &#x27;ZY&#x27; + varTest2.testname);\nCD.setSummitButton();\nCD.setConfirmAddContact(&#x27;Contact details was successfully updated.&#x27;);\nln.setLogout();&quot;,&quot;err&quot;:{&quot;message&quot;:&quot;AssertionError: Timed out retrying after 20000ms: Expected to find element: `#burger-cont &gt; :nth-child(1)`, but never found it.&quot;,&quot;estack&quot;:&quot;AssertionError: Timed out retrying after 20000ms: Expected to find element: `#burger-cont &gt; :nth-child(1)`, but never found it.\n    at ContactDetails.setGoToContactDetailsPage (https://verve-access-customer.k8.isw.la/__cypress/tests?p=cypress\\e2e\\VerveAccess-UI-Tests-UAT\\B-CorporateAdminUATTests\\ContactDetails.cy.js:149:8)\n    at Context.eval (https://verve-access-customer.k8.isw.la/__cypress/tests?p=cypress\\e2e\\VerveAccess-UI-Tests-UAT\\B-CorporateAdminUATTests\\ContactDetails.cy.js:426:8)&quot;},&quot;uuid&quot;:&quot;c506a9b1-2568-4d70-b6f0-12471e8c5a1e&quot;,&quot;parentUUID&quot;:&quot;cd52d4f8-d38c-43e4-954c-d8d1255bf873&quot;,&quot;isHook&quot;:false,&quot;skipped&quot;:false},{&quot;title&quot;:&quot;it should  Edit Email&quot;,&quot;fullTitle&quot;:&quot;visit Verve Access it should  Edit Email&quot;,&quot;duration&quot;:40125,&quot;state&quot;:&quot;failed&quot;,&quot;pass&quot;:false,&quot;fail&quot;:true,&quot;pending&quot;:false,&quot;code&quot;:&quot;CD.setGoToContactDetailsPage();\nCD.setEditContact();\nCD.setinputEmail2(&#x27;newsoftwaretestzz&#x27; + varTest3.number + &#x27;@qa.team&#x27;);\nCD.setSummitButton();\nCD.setConfirmAddContact(&#x27;Contact details was successfully updated.&#x27;);\nln.setLogout();&quot;,&quot;err&quot;:{&quot;message&quot;:&quot;AssertionError: Timed out retrying after 20000ms: Expected to find element: `#burger-cont &gt; :nth-child(1)`, but never found it.&quot;,&quot;estack&quot;:&quot;AssertionError: Timed out retrying after 20000ms: Expected to find element: `#burger-cont &gt; :nth-child(1)`, but never found it.\n    at ContactDetails.setGoToContactDetailsPage (https://verve-access-customer.k8.isw.la/__cypress/tests?p=cypress\\e2e\\VerveAccess-UI-Tests-UAT\\B-CorporateAdminUATTests\\ContactDetails.cy.js:149:8)\n    at Context.eval (https://verve-access-customer.k8.isw.la/__cypress/tests?p=cypress\\e2e\\VerveAccess-UI-Tests-UAT\\B-CorporateAdminUATTests\\ContactDetails.cy.js:434:8)&quot;},&quot;uuid&quot;:&quot;894bfd98-2732-447d-8804-7593406b895d&quot;,&quot;parentUUID&quot;:&quot;cd52d4f8-d38c-43e4-954c-d8d1255bf873&quot;,&quot;isHook&quot;:false,&quot;skipped&quot;:false},{&quot;title&quot;:&quot;it should  Phone number&quot;,&quot;fullTitle&quot;:&quot;visit Verve Access it should  Phone number&quot;,&quot;duration&quot;:41173,&quot;state&quot;:&quot;failed&quot;,&quot;pass&quot;:false,&quot;fail&quot;:true,&quot;pending&quot;:false,&quot;code&quot;:&quot;CD.setGoToContactDetailsPage();\nCD.setEditContact();\nCD.setinputPhoneNumber2(&#x27;0901&#x27; + varTest2.number + &#x27;99&#x27;);\nCD.setSummitButton();\nCD.setConfirmAddContact(&#x27;Contact details was successfully updated.&#x27;);\nln.setLogout();&quot;,&quot;err&quot;:{&quot;message&quot;:&quot;AssertionError: Timed out retrying after 20000ms: Expected to find element: `#burger-cont &gt; :nth-child(1)`, but never found it.&quot;,&quot;estack&quot;:&quot;AssertionError: Timed out retrying after 20000ms: Expected to find element: `#burger-cont &gt; :nth-child(1)`, but never found it.\n    at ContactDetails.setGoToContactDetailsPage (https://verve-access-customer.k8.isw.la/__cypress/tests?p=cypress\\e2e\\VerveAccess-UI-Tests-UAT\\B-CorporateAdminUATTests\\ContactDetails.cy.js:149:8)\n    at Context.eval (https://verve-access-customer.k8.isw.la/__cypress/tests?p=cypress\\e2e\\VerveAccess-UI-Tests-UAT\\B-CorporateAdminUATTests\\ContactDetails.cy.js:442:8)&quot;},&quot;uuid&quot;:&quot;aaf297c6-6c66-424f-bb8c-cad2b833e05d&quot;,&quot;parentUUID&quot;:&quot;cd52d4f8-d38c-43e4-954c-d8d1255bf873&quot;,&quot;isHook&quot;:false,&quot;skipped&quot;:false},{&quot;title&quot;:&quot;it should edit Role&quot;,&quot;fullTitle&quot;:&quot;visit Verve Access it should edit Role&quot;,&quot;duration&quot;:48829,&quot;state&quot;:&quot;failed&quot;,&quot;pass&quot;:false,&quot;fail&quot;:true,&quot;pending&quot;:false,&quot;code&quot;:&quot;CD.setGoToContactDetailsPage();\nCD.setEditContact();\nCD.setinputRole2(&#x27;Banker&#x27;);\nCD.setSummitButton();\nCD.setConfirmAddContact(&#x27;Contact details was successfully updated.&#x27;);\nln.setLogout();&quot;,&quot;err&quot;:{&quot;message&quot;:&quot;AssertionError: Timed out retrying after 20000ms: Expected to find element: `#burger-cont &gt; :nth-child(1)`, but never found it.&quot;,&quot;estack&quot;:&quot;AssertionError: Timed out retrying after 20000ms: Expected to find element: `#burger-cont &gt; :nth-child(1)`, but never found it.\n    at ContactDetails.setGoToContactDetailsPage (https://verve-access-customer.k8.isw.la/__cypress/tests?p=cypress\\e2e\\VerveAccess-UI-Tests-UAT\\B-CorporateAdminUATTests\\ContactDetails.cy.js:149:8)\n    at Context.eval (https://verve-access-customer.k8.isw.la/__cypress/tests?p=cypress\\e2e\\VerveAccess-UI-Tests-UAT\\B-CorporateAdminUATTests\\ContactDetails.cy.js:450:8)&quot;},&quot;uuid&quot;:&quot;376e5a57-cbc3-4c61-8c58-c586c263c183&quot;,&quot;parentUUID&quot;:&quot;cd52d4f8-d38c-43e4-954c-d8d1255bf873&quot;,&quot;isHook&quot;:false,&quot;skipped&quot;:false},{&quot;title&quot;:&quot;it should edit Department&quot;,&quot;fullTitle&quot;:&quot;visit Verve Access it should edit Department&quot;,&quot;duration&quot;:42994,&quot;state&quot;:&quot;failed&quot;,&quot;pass&quot;:false,&quot;fail&quot;:true,&quot;pending&quot;:false,&quot;code&quot;:&quot;CD.setGoToContactDetailsPage();\nCD.setEditContact();\nCD.setinputDepartment2();\nCD.setSummitButton();\nCD.setConfirmAddContact(&#x27;Contact details was successfully updated.&#x27;);\nln.setLogout();&quot;,&quot;err&quot;:{&quot;message&quot;:&quot;AssertionError: Timed out retrying after 20000ms: Expected to find element: `#burger-cont &gt; :nth-child(1)`, but never found it.&quot;,&quot;estack&quot;:&quot;AssertionError: Timed out retrying after 20000ms: Expected to find element: `#burger-cont &gt; :nth-child(1)`, but never found it.\n    at ContactDetails.setGoToContactDetailsPage (https://verve-access-customer.k8.isw.la/__cypress/tests?p=cypress\\e2e\\VerveAccess-UI-Tests-UAT\\B-CorporateAdminUATTests\\ContactDetails.cy.js:149:8)\n    at Context.eval (https://verve-access-customer.k8.isw.la/__cypress/tests?p=cypress\\e2e\\VerveAccess-UI-Tests-UAT\\B-CorporateAdminUATTests\\ContactDetails.cy.js:458:8)&quot;},&quot;uuid&quot;:&quot;864e45a7-0b13-4edc-95cb-dd77da5a13c7&quot;,&quot;parentUUID&quot;:&quot;cd52d4f8-d38c-43e4-954c-d8d1255bf873&quot;,&quot;isHook&quot;:false,&quot;skipped&quot;:false},{&quot;title&quot;:&quot;it should  Edit All&quot;,&quot;fullTitle&quot;:&quot;visit Verve Access it should  Edit All&quot;,&quot;duration&quot;:49698,&quot;state&quot;:&quot;failed&quot;,&quot;pass&quot;:false,&quot;fail&quot;:true,&quot;pending&quot;:false,&quot;code&quot;:&quot;CD.setGoToContactDetailsPage();\nCD.setEditContact();\nCD.setinputName2(&#x27;cd&#x27; + varTest.text + &#x27; &#x27; + &#x27;wx&#x27; + varTest2.testname);\nCD.setinputEmail2(&#x27;backsoftwaretest&#x27; + varTest3.number + &#x27;@qa.team&#x27;);\nCD.setinputPhoneNumber2(&#x27;0901&#x27; + varTest2.number + &#x27;11&#x27;);\nCD.setinputRole2(&#x27;Tech&#x27;);\nCD.setinputDepartment2();\nCD.setSummitButton();\nCD.setConfirmAddContact(&#x27;Contact details was successfully updated.&#x27;);\nln.setLogout();&quot;,&quot;err&quot;:{&quot;message&quot;:&quot;AssertionError: Timed out retrying after 20000ms: Expected to find element: `#burger-cont &gt; :nth-child(1)`, but never found it.&quot;,&quot;estack&quot;:&quot;AssertionError: Timed out retrying after 20000ms: Expected to find element: `#burger-cont &gt; :nth-child(1)`, but never found it.\n    at ContactDetails.setGoToContactDetailsPage (https://verve-access-customer.k8.isw.la/__cypress/tests?p=cypress\\e2e\\VerveAccess-UI-Tests-UAT\\B-CorporateAdminUATTests\\ContactDetails.cy.js:149:8)\n    at Context.eval (https://verve-access-customer.k8.isw.la/__cypress/tests?p=cypress\\e2e\\VerveAccess-UI-Tests-UAT\\B-CorporateAdminUATTests\\ContactDetails.cy.js:466:8)&quot;},&quot;uuid&quot;:&quot;ddd93ec6-efb3-40a6-912a-fd9c1151c7f7&quot;,&quot;parentUUID&quot;:&quot;cd52d4f8-d38c-43e4-954c-d8d1255bf873&quot;,&quot;isHook&quot;:false,&quot;skipped&quot;:false},{&quot;title&quot;:&quot;it should  Edit name with empty field&quot;,&quot;fullTitle&quot;:&quot;visit Verve Access it should  Edit name with empty field&quot;,&quot;duration&quot;:55598,&quot;state&quot;:&quot;failed&quot;,&quot;pass&quot;:false,&quot;fail&quot;:true,&quot;pending&quot;:false,&quot;code&quot;:&quot;CD.setGoToContactDetailsPage();\nCD.setEditContact();\nCD.setinputName2(&#x27; &#x27;);\nCD.setSummitButton();\nCD.setConfirmAddContact(&#x27;name cannot be empty!&#x27;);\nCD.setCloseTab();\nln.setLogout();&quot;,&quot;err&quot;:{&quot;message&quot;:&quot;AssertionError: Timed out retrying after 20000ms: Expected to find element: `#burger-cont &gt; :nth-child(1)`, but never found it.&quot;,&quot;estack&quot;:&quot;AssertionError: Timed out retrying after 20000ms: Expected to find element: `#burger-cont &gt; :nth-child(1)`, but never found it.\n    at ContactDetails.setGoToContactDetailsPage (https://verve-access-customer.k8.isw.la/__cypress/tests?p=cypress\\e2e\\VerveAccess-UI-Tests-UAT\\B-CorporateAdminUATTests\\ContactDetails.cy.js:149:8)\n    at Context.eval (https://verve-access-customer.k8.isw.la/__cypress/tests?p=cypress\\e2e\\VerveAccess-UI-Tests-UAT\\B-CorporateAdminUATTests\\ContactDetails.cy.js:478:8)&quot;},&quot;uuid&quot;:&quot;2319dacd-7537-4312-ac14-3c43a2fb5bbc&quot;,&quot;parentUUID&quot;:&quot;cd52d4f8-d38c-43e4-954c-d8d1255bf873&quot;,&quot;isHook&quot;:false,&quot;skipped&quot;:false},{&quot;title&quot;:&quot;it should  Edit Email with empty field&quot;,&quot;fullTitle&quot;:&quot;visit Verve Access it should  Edit Email with empty field&quot;,&quot;duration&quot;:47989,&quot;state&quot;:&quot;failed&quot;,&quot;pass&quot;:false,&quot;fail&quot;:true,&quot;pending&quot;:false,&quot;code&quot;:&quot;CD.setGoToContactDetailsPage();\nCD.setEditContact();\nCD.setinputEmail2(&#x27; &#x27;);\nCD.setSummitButton();\nCD.setConfirmAddContact(&#x27;email cannot be empty!&#x27;);\nCD.setCloseTab();\nln.setLogout();&quot;,&quot;err&quot;:{&quot;message&quot;:&quot;AssertionError: Timed out retrying after 20000ms: Expected to find element: `#burger-cont &gt; :nth-child(1)`, but never found it.&quot;,&quot;estack&quot;:&quot;AssertionError: Timed out retrying after 20000ms: Expected to find element: `#burger-cont &gt; :nth-child(1)`, but never found it.\n    at ContactDetails.setGoToContactDetailsPage (https://verve-access-customer.k8.isw.la/__cypress/tests?p=cypress\\e2e\\VerveAccess-UI-Tests-UAT\\B-CorporateAdminUATTests\\ContactDetails.cy.js:149:8)\n    at Context.eval (https://verve-access-customer.k8.isw.la/__cypress/tests?p=cypress\\e2e\\VerveAccess-UI-Tests-UAT\\B-CorporateAdminUATTests\\ContactDetails.cy.js:487:8)&quot;},&quot;uuid&quot;:&quot;93378b19-976c-4988-9863-71c6426aa4c1&quot;,&quot;parentUUID&quot;:&quot;cd52d4f8-d38c-43e4-954c-d8d1255bf873&quot;,&quot;isHook&quot;:false,&quot;skipped&quot;:false},{&quot;title&quot;:&quot;it should  edit Phone number with empty field&quot;,&quot;fullTitle&quot;:&quot;visit Verve Access it should  edit Phone number with empty field&quot;,&quot;duration&quot;:48368,&quot;state&quot;:&quot;failed&quot;,&quot;pass&quot;:false,&quot;fail&quot;:true,&quot;pending&quot;:false,&quot;code&quot;:&quot;CD.setGoToContactDetailsPage();\nCD.setEditContact();\nCD.setinputPhoneNumber2(&#x27; &#x27;); //CD.setSummitButton()\nCD.setConfirmAddContact(&#x27;phoneNumber cannot be empty!&#x27;);\nCD.setCloseTab();\nln.setLogout();&quot;,&quot;err&quot;:{&quot;message&quot;:&quot;AssertionError: Timed out retrying after 20000ms: Expected to find element: `#burger-cont &gt; :nth-child(1)`, but never found it.&quot;,&quot;estack&quot;:&quot;AssertionError: Timed out retrying after 20000ms: Expected to find element: `#burger-cont &gt; :nth-child(1)`, but never found it.\n    at ContactDetails.setGoToContactDetailsPage (https://verve-access-customer.k8.isw.la/__cypress/tests?p=cypress\\e2e\\VerveAccess-UI-Tests-UAT\\B-CorporateAdminUATTests\\ContactDetails.cy.js:149:8)\n    at Context.eval (https://verve-access-customer.k8.isw.la/__cypress/tests?p=cypress\\e2e\\VerveAccess-UI-Tests-UAT\\B-CorporateAdminUATTests\\ContactDetails.cy.js:496:8)&quot;},&quot;uuid&quot;:&quot;025159cf-8bf2-486d-a8f9-10e746224193&quot;,&quot;parentUUID&quot;:&quot;cd52d4f8-d38c-43e4-954c-d8d1255bf873&quot;,&quot;isHook&quot;:false,&quot;skipped&quot;:false},{&quot;title&quot;:&quot;it should edit Role with empty field&quot;,&quot;fullTitle&quot;:&quot;visit Verve Access it should edit Role with empty field&quot;,&quot;duration&quot;:52799,&quot;state&quot;:&quot;failed&quot;,&quot;pass&quot;:false,&quot;fail&quot;:true,&quot;pending&quot;:false,&quot;code&quot;:&quot;CD.setGoToContactDetailsPage();\nCD.setEditContact();\nCD.setinputRole2(&#x27; &#x27;);\nCD.setSummitButton();\nCD.setConfirmAddContact(&#x27;designation cannot be empty!&#x27;);\nCD.setCloseTab();\nln.setLogout();&quot;,&quot;err&quot;:{&quot;message&quot;:&quot;AssertionError: Timed out retrying after 20000ms: Expected to find element: `#burger-cont &gt; :nth-child(1)`, but never found it.&quot;,&quot;estack&quot;:&quot;AssertionError: Timed out retrying after 20000ms: Expected to find element: `#burger-cont &gt; :nth-child(1)`, but never found it.\n    at ContactDetails.setGoToContactDetailsPage (https://verve-access-customer.k8.isw.la/__cypress/tests?p=cypress\\e2e\\VerveAccess-UI-Tests-UAT\\B-CorporateAdminUATTests\\ContactDetails.cy.js:149:8)\n    at Context.eval (https://verve-access-customer.k8.isw.la/__cypress/tests?p=cypress\\e2e\\VerveAccess-UI-Tests-UAT\\B-CorporateAdminUATTests\\ContactDetails.cy.js:505:8)&quot;},&quot;uuid&quot;:&quot;f3ad36b5-e33d-4e78-863a-5076dc8c1c94&quot;,&quot;parentUUID&quot;:&quot;cd52d4f8-d38c-43e4-954c-d8d1255bf873&quot;,&quot;isHook&quot;:false,&quot;skipped&quot;:false},{&quot;title&quot;:&quot;it should  Edit All with empty field&quot;,&quot;fullTitle&quot;:&quot;visit Verve Access it should  Edit All with empty field&quot;,&quot;duration&quot;:42607,&quot;state&quot;:&quot;failed&quot;,&quot;pass&quot;:false,&quot;fail&quot;:true,&quot;pending&quot;:false,&quot;code&quot;:&quot;CD.setGoToContactDetailsPage();\nCD.setEditContact();\nCD.setinputName2(&#x27; &#x27;);\nCD.setinputEmail2(&#x27; &#x27;);\nCD.setinputPhoneNumber2(&#x27; &#x27;);\nCD.setinputRole2(&#x27; &#x27;);\nCD.setinputDepartment2(); // CD.setSummitButton()\nCD.setConfirmAddContact(&#x27;name cannot be empty!&#x27;);\nCD.setConfirmAddContact(&#x27;email cannot be empty!&#x27;);\nCD.setConfirmAddContact(&#x27;phoneNumber cannot be empty!&#x27;);\nCD.setConfirmAddContact(&#x27;designation cannot be empty!&#x27;);\nCD.setCloseTab();\nln.setLogout();&quot;,&quot;err&quot;:{&quot;message&quot;:&quot;AssertionError: Timed out retrying after 20000ms: Expected to find element: `#burger-cont &gt; :nth-child(1)`, but never found it.&quot;,&quot;estack&quot;:&quot;AssertionError: Timed out retrying after 20000ms: Expected to find element: `#burger-cont &gt; :nth-child(1)`, but never found it.\n    at ContactDetails.setGoToContactDetailsPage (https://verve-access-customer.k8.isw.la/__cypress/tests?p=cypress\\e2e\\VerveAccess-UI-Tests-UAT\\B-CorporateAdminUATTests\\ContactDetails.cy.js:149:8)\n    at Context.eval (https://verve-access-customer.k8.isw.la/__cypress/tests?p=cypress\\e2e\\VerveAccess-UI-Tests-UAT\\B-CorporateAdminUATTests\\ContactDetails.cy.js:514:8)&quot;},&quot;uuid&quot;:&quot;aab04856-f84e-45e8-8adf-d492c9a0d86d&quot;,&quot;parentUUID&quot;:&quot;cd52d4f8-d38c-43e4-954c-d8d1255bf873&quot;,&quot;isHook&quot;:false,&quot;skipped&quot;:false},{&quot;title&quot;:&quot;it should search for fullname&quot;,&quot;fullTitle&quot;:&quot;visit Verve Access it should search for fullname&quot;,&quot;duration&quot;:50540,&quot;state&quot;:&quot;failed&quot;,&quot;pass&quot;:false,&quot;fail&quot;:true,&quot;pending&quot;:false,&quot;code&quot;:&quot;CD.setGoToContactDetailsPage();\nCD.setSearch(&#x27;CFFOV CREVKQCPAM&#x27;);\nCD.setClickSearch();\nCD.setVerifySearcch(&#x27;CFFOV CREVKQCPAM&#x27;);\nln.setLogout();&quot;,&quot;err&quot;:{&quot;message&quot;:&quot;AssertionError: Timed out retrying after 20000ms: Expected to find element: `#burger-cont &gt; :nth-child(1)`, but never found it.&quot;,&quot;estack&quot;:&quot;AssertionError: Timed out retrying after 20000ms: Expected to find element: `#burger-cont &gt; :nth-child(1)`, but never found it.\n    at ContactDetails.setGoToContactDetailsPage (https://verve-access-customer.k8.isw.la/__cypress/tests?p=cypress\\e2e\\VerveAccess-UI-Tests-UAT\\B-CorporateAdminUATTests\\ContactDetails.cy.js:149:8)\n    at Context.eval (https://verve-access-customer.k8.isw.la/__cypress/tests?p=cypress\\e2e\\VerveAccess-UI-Tests-UAT\\B-CorporateAdminUATTests\\ContactDetails.cy.js:530:8)&quot;},&quot;uuid&quot;:&quot;e7ac41d5-f98b-4610-876e-29f831c51a54&quot;,&quot;parentUUID&quot;:&quot;cd52d4f8-d38c-43e4-954c-d8d1255bf873&quot;,&quot;isHook&quot;:false,&quot;skipped&quot;:false},{&quot;title&quot;:&quot;it should search for incomplete name&quot;,&quot;fullTitle&quot;:&quot;visit Verve Access it should search for incomplete name&quot;,&quot;duration&quot;:52889,&quot;state&quot;:&quot;failed&quot;,&quot;pass&quot;:false,&quot;fail&quot;:true,&quot;pending&quot;:false,&quot;code&quot;:&quot;CD.setGoToContactDetailsPage();\nCD.setSearch(&#x27;CFFOV&#x27;);\nCD.setClickSearch();\nCD.setVerifySearcch(&#x27;CFFOV&#x27;);\nln.setLogout();&quot;,&quot;err&quot;:{&quot;message&quot;:&quot;AssertionError: Timed out retrying after 20000ms: Expected to find element: `#burger-cont &gt; :nth-child(1)`, but never found it.&quot;,&quot;estack&quot;:&quot;AssertionError: Timed out retrying after 20000ms: Expected to find element: `#burger-cont &gt; :nth-child(1)`, but never found it.\n    at ContactDetails.setGoToContactDetailsPage (https://verve-access-customer.k8.isw.la/__cypress/tests?p=cypress\\e2e\\VerveAccess-UI-Tests-UAT\\B-CorporateAdminUATTests\\ContactDetails.cy.js:149:8)\n    at Context.eval (https://verve-access-customer.k8.isw.la/__cypress/tests?p=cypress\\e2e\\VerveAccess-UI-Tests-UAT\\B-CorporateAdminUATTests\\ContactDetails.cy.js:537:8)&quot;},&quot;uuid&quot;:&quot;4d692739-ceca-4091-8068-73ba5a2986b9&quot;,&quot;parentUUID&quot;:&quot;cd52d4f8-d38c-43e4-954c-d8d1255bf873&quot;,&quot;isHook&quot;:false,&quot;skipped&quot;:false},{&quot;title&quot;:&quot;it should search for full email&quot;,&quot;fullTitle&quot;:&quot;visit Verve Access it should search for full email&quot;,&quot;duration&quot;:59809,&quot;state&quot;:&quot;failed&quot;,&quot;pass&quot;:false,&quot;fail&quot;:true,&quot;pending&quot;:false,&quot;code&quot;:&quot;CD.setGoToContactDetailsPage();\nCD.setSearch(&#x27;softwaretest79370@qa.team&#x27;);\nCD.setClickSearch();\nCD.setVerifySearcch(&#x27;softwaretest79370@qa.team&#x27;);\nln.setLogout();&quot;,&quot;err&quot;:{&quot;message&quot;:&quot;AssertionError: Timed out retrying after 20000ms: Expected to find element: `#burger-cont &gt; :nth-child(1)`, but never found it.&quot;,&quot;estack&quot;:&quot;AssertionError: Timed out retrying after 20000ms: Expected to find element: `#burger-cont &gt; :nth-child(1)`, but never found it.\n    at ContactDetails.setGoToContactDetailsPage (https://verve-access-customer.k8.isw.la/__cypress/tests?p=cypress\\e2e\\VerveAccess-UI-Tests-UAT\\B-CorporateAdminUATTests\\ContactDetails.cy.js:149:8)\n    at Context.eval (https://verve-access-customer.k8.isw.la/__cypress/tests?p=cypress\\e2e\\VerveAccess-UI-Tests-UAT\\B-CorporateAdminUATTests\\ContactDetails.cy.js:544:8)&quot;},&quot;uuid&quot;:&quot;f8413136-d169-43a2-b519-1a1b7cd57b88&quot;,&quot;parentUUID&quot;:&quot;cd52d4f8-d38c-43e4-954c-d8d1255bf873&quot;,&quot;isHook&quot;:false,&quot;skipped&quot;:false},{&quot;title&quot;:&quot;it should search for incomplete email&quot;,&quot;fullTitle&quot;:&quot;visit Verve Access it should search for incomplete email&quot;,&quot;duration&quot;:52584,&quot;state&quot;:&quot;failed&quot;,&quot;pass&quot;:false,&quot;fail&quot;:true,&quot;pending&quot;:false,&quot;code&quot;:&quot;CD.setGoToContactDetailsPage();\nCD.setSearch(&#x27;softwaretest793&#x27;);\nCD.setClickSearch();\nCD.setVerifySearcch(&#x27;softwaretest793&#x27;);\nln.setLogout();&quot;,&quot;err&quot;:{&quot;message&quot;:&quot;AssertionError: Timed out retrying after 20000ms: Expected to find element: `#burger-cont &gt; :nth-child(1)`, but never found it.&quot;,&quot;estack&quot;:&quot;AssertionError: Timed out retrying after 20000ms: Expected to find element: `#burger-cont &gt; :nth-child(1)`, but never found it.\n    at ContactDetails.setGoToContactDetailsPage (https://verve-access-customer.k8.isw.la/__cypress/tests?p=cypress\\e2e\\VerveAccess-UI-Tests-UAT\\B-CorporateAdminUATTests\\ContactDetails.cy.js:149:8)\n    at Context.eval (https://verve-access-customer.k8.isw.la/__cypress/tests?p=cypress\\e2e\\VerveAccess-UI-Tests-UAT\\B-CorporateAdminUATTests\\ContactDetails.cy.js:551:8)&quot;},&quot;uuid&quot;:&quot;aeb76706-67fa-4fe7-a43c-456ae8aa48f6&quot;,&quot;parentUUID&quot;:&quot;cd52d4f8-d38c-43e4-954c-d8d1255bf873&quot;,&quot;isHook&quot;:false,&quot;skipped&quot;:false},{&quot;title&quot;:&quot;it should search for full phonenumber&quot;,&quot;fullTitle&quot;:&quot;visit Verve Access it should search for full phonenumber&quot;,&quot;duration&quot;:64526,&quot;state&quot;:&quot;failed&quot;,&quot;pass&quot;:false,&quot;fail&quot;:true,&quot;pending&quot;:false,&quot;code&quot;:&quot;CD.setGoToContactDetailsPage();\nCD.setSearch(&#x27;09018464723&#x27;);\nCD.setClickSearch();\nCD.setVerifySearcch(&#x27;09018464723&#x27;);\nln.setLogout();&quot;,&quot;err&quot;:{&quot;message&quot;:&quot;AssertionError: Timed out retrying after 20000ms: Expected to find element: `#burger-cont &gt; :nth-child(1)`, but never found it.&quot;,&quot;estack&quot;:&quot;AssertionError: Timed out retrying after 20000ms: Expected to find element: `#burger-cont &gt; :nth-child(1)`, but never found it.\n    at ContactDetails.setGoToContactDetailsPage (https://verve-access-customer.k8.isw.la/__cypress/tests?p=cypress\\e2e\\VerveAccess-UI-Tests-UAT\\B-CorporateAdminUATTests\\ContactDetails.cy.js:149:8)\n    at Context.eval (https://verve-access-customer.k8.isw.la/__cypress/tests?p=cypress\\e2e\\VerveAccess-UI-Tests-UAT\\B-CorporateAdminUATTests\\ContactDetails.cy.js:558:8)&quot;},&quot;uuid&quot;:&quot;54bb203e-5e14-4f8d-8aa7-3dcbd049bfbe&quot;,&quot;parentUUID&quot;:&quot;cd52d4f8-d38c-43e4-954c-d8d1255bf873&quot;,&quot;isHook&quot;:false,&quot;skipped&quot;:false},{&quot;title&quot;:&quot;it should search for full phonenumber&quot;,&quot;fullTitle&quot;:&quot;visit Verve Access it should search for full phonenumber&quot;,&quot;duration&quot;:77069,&quot;state&quot;:&quot;failed&quot;,&quot;pass&quot;:false,&quot;fail&quot;:true,&quot;pending&quot;:false,&quot;code&quot;:&quot;CD.setGoToContactDetailsPage();\nCD.setSearch(&#x27;090184&#x27;);\nCD.setClickSearch();\nCD.setVerifySearcch(&#x27;090184&#x27;);\nln.setLogout();&quot;,&quot;err&quot;:{&quot;message&quot;:&quot;AssertionError: Timed out retrying after 20000ms: Expected to find element: `#burger-cont &gt; :nth-child(1)`, but never found it.&quot;,&quot;estack&quot;:&quot;AssertionError: Timed out retrying after 20000ms: Expected to find element: `#burger-cont &gt; :nth-child(1)`, but never found it.\n    at ContactDetails.setGoToContactDetailsPage (https://verve-access-customer.k8.isw.la/__cypress/tests?p=cypress\\e2e\\VerveAccess-UI-Tests-UAT\\B-CorporateAdminUATTests\\ContactDetails.cy.js:149:8)\n    at Context.eval (https://verve-access-customer.k8.isw.la/__cypress/tests?p=cypress\\e2e\\VerveAccess-UI-Tests-UAT\\B-CorporateAdminUATTests\\ContactDetails.cy.js:565:8)&quot;},&quot;uuid&quot;:&quot;e4cce759-91fa-40d0-8787-9bbb3a0a5f38&quot;,&quot;parentUUID&quot;:&quot;cd52d4f8-d38c-43e4-954c-d8d1255bf873&quot;,&quot;isHook&quot;:false,&quot;skipped&quot;:false},{&quot;title&quot;:&quot;it should search for full role&quot;,&quot;fullTitle&quot;:&quot;visit Verve Access it should search for full role&quot;,&quot;duration&quot;:68559,&quot;state&quot;:&quot;failed&quot;,&quot;pass&quot;:false,&quot;fail&quot;:true,&quot;pending&quot;:false,&quot;code&quot;:&quot;CD.setGoToContactDetailsPage();\nCD.setSearch(&#x27;sale/marketing&#x27;);\nCD.setClickSearch();\nCD.setVerifySearcch(&#x27;sale/marketing&#x27;);\nln.setLogout();&quot;,&quot;err&quot;:{&quot;message&quot;:&quot;AssertionError: Timed out retrying after 20000ms: Expected to find element: `#burger-cont &gt; :nth-child(1)`, but never found it.&quot;,&quot;estack&quot;:&quot;AssertionError: Timed out retrying after 20000ms: Expected to find element: `#burger-cont &gt; :nth-child(1)`, but never found it.\n    at ContactDetails.setGoToContactDetailsPage (https://verve-access-customer.k8.isw.la/__cypress/tests?p=cypress\\e2e\\VerveAccess-UI-Tests-UAT\\B-CorporateAdminUATTests\\ContactDetails.cy.js:149:8)\n    at Context.eval (https://verve-access-customer.k8.isw.la/__cypress/tests?p=cypress\\e2e\\VerveAccess-UI-Tests-UAT\\B-CorporateAdminUATTests\\ContactDetails.cy.js:572:8)&quot;},&quot;uuid&quot;:&quot;31e18264-51e6-4ee1-8345-9a52708b6d89&quot;,&quot;parentUUID&quot;:&quot;cd52d4f8-d38c-43e4-954c-d8d1255bf873&quot;,&quot;isHook&quot;:false,&quot;skipped&quot;:false},{&quot;title&quot;:&quot;it should search for full role&quot;,&quot;fullTitle&quot;:&quot;visit Verve Access it should search for full role&quot;,&quot;duration&quot;:87165,&quot;state&quot;:&quot;failed&quot;,&quot;pass&quot;:false,&quot;fail&quot;:true,&quot;pending&quot;:false,&quot;code&quot;:&quot;CD.setGoToContactDetailsPage();\nCD.setSearch(&#x27;sale/mark&#x27;);\nCD.setClickSearch();\nCD.setVerifySearcch(&#x27;sale/mark&#x27;);\nln.setLogout();&quot;,&quot;err&quot;:{&quot;message&quot;:&quot;AssertionError: Timed out retrying after 20000ms: Expected to find element: `#burger-cont &gt; :nth-child(1)`, but never found it.&quot;,&quot;estack&quot;:&quot;AssertionError: Timed out retrying after 20000ms: Expected to find element: `#burger-cont &gt; :nth-child(1)`, but never found it.\n    at ContactDetails.setGoToContactDetailsPage (https://verve-access-customer.k8.isw.la/__cypress/tests?p=cypress\\e2e\\VerveAccess-UI-Tests-UAT\\B-CorporateAdminUATTests\\ContactDetails.cy.js:149:8)\n    at Context.eval (https://verve-access-customer.k8.isw.la/__cypress/tests?p=cypress\\e2e\\VerveAccess-UI-Tests-UAT\\B-CorporateAdminUATTests\\ContactDetails.cy.js:579:8)&quot;},&quot;uuid&quot;:&quot;960b859c-bcfc-4053-9d4d-a9ea76add400&quot;,&quot;parentUUID&quot;:&quot;cd52d4f8-d38c-43e4-954c-d8d1255bf873&quot;,&quot;isHook&quot;:false,&quot;skipped&quot;:false},{&quot;title&quot;:&quot;it should search for full Department&quot;,&quot;fullTitle&quot;:&quot;visit Verve Access it should search for full Department&quot;,&quot;duration&quot;:54250,&quot;state&quot;:&quot;failed&quot;,&quot;pass&quot;:false,&quot;fail&quot;:true,&quot;pending&quot;:false,&quot;code&quot;:&quot;CD.setGoToContactDetailsPage();\nCD.setSearch(&#x27;Dept-FEB-oiUq&#x27;);\nCD.setClickSearch();\nCD.setVerifySearcch(&#x27;Dept-FEB-oiUq&#x27;);\nln.setLogout();&quot;,&quot;err&quot;:{&quot;message&quot;:&quot;AssertionError: Timed out retrying after 20000ms: Expected to find element: `#burger-cont &gt; :nth-child(1)`, but never found it.&quot;,&quot;estack&quot;:&quot;AssertionError: Timed out retrying after 20000ms: Expected to find element: `#burger-cont &gt; :nth-child(1)`, but never found it.\n    at ContactDetails.setGoToContactDetailsPage (https://verve-access-customer.k8.isw.la/__cypress/tests?p=cypress\\e2e\\VerveAccess-UI-Tests-UAT\\B-CorporateAdminUATTests\\ContactDetails.cy.js:149:8)\n    at Context.eval (https://verve-access-customer.k8.isw.la/__cypress/tests?p=cypress\\e2e\\VerveAccess-UI-Tests-UAT\\B-CorporateAdminUATTests\\ContactDetails.cy.js:586:8)&quot;},&quot;uuid&quot;:&quot;2b880f9b-d0f7-4830-b4ec-e3dca931df7a&quot;,&quot;parentUUID&quot;:&quot;cd52d4f8-d38c-43e4-954c-d8d1255bf873&quot;,&quot;isHook&quot;:false,&quot;skipped&quot;:false},{&quot;title&quot;:&quot;it should search for incomplete Department&quot;,&quot;fullTitle&quot;:&quot;visit Verve Access it should search for incomplete Department&quot;,&quot;duration&quot;:60853,&quot;state&quot;:&quot;failed&quot;,&quot;pass&quot;:false,&quot;fail&quot;:true,&quot;pending&quot;:false,&quot;code&quot;:&quot;CD.setGoToContactDetailsPage();\nCD.setSearch(&#x27;Dept-FE&#x27;);\nCD.setClickSearch();\nCD.setVerifySearcch(&#x27;Dept-FE&#x27;);\nln.setLogout();&quot;,&quot;err&quot;:{&quot;message&quot;:&quot;AssertionError: Timed out retrying after 20000ms: Expected to find element: `#burger-cont &gt; :nth-child(1)`, but never found it.&quot;,&quot;estack&quot;:&quot;AssertionError: Timed out retrying after 20000ms: Expected to find element: `#burger-cont &gt; :nth-child(1)`, but never found it.\n    at ContactDetails.setGoToContactDetailsPage (https://verve-access-customer.k8.isw.la/__cypress/tests?p=cypress\\e2e\\VerveAccess-UI-Tests-UAT\\B-CorporateAdminUATTests\\ContactDetails.cy.js:149:8)\n    at Context.eval (https://verve-access-customer.k8.isw.la/__cypress/tests?p=cypress\\e2e\\VerveAccess-UI-Tests-UAT\\B-CorporateAdminUATTests\\ContactDetails.cy.js:593:8)&quot;},&quot;uuid&quot;:&quot;67112986-61df-4119-b3b9-c433717030d4&quot;,&quot;parentUUID&quot;:&quot;cd52d4f8-d38c-43e4-954c-d8d1255bf873&quot;,&quot;isHook&quot;:false,&quot;skipped&quot;:false}],&quot;suites&quot;:[],&quot;passes&quot;:[],&quot;failures&quot;:[&quot;be0af5de-a221-4dbc-82b5-c8287addd572&quot;,&quot;d0a9d863-b0a7-4826-b7f5-1376f1d0c410&quot;,&quot;8c7c7064-8c54-49e0-a3f7-ef11d5c31eda&quot;,&quot;c518d1df-4871-45fc-915d-70cd99e49371&quot;,&quot;5a8d70bf-d2e2-4b0e-a7e2-467b3926ae83&quot;,&quot;e55173f7-3f30-4c43-a266-6354c6f0702b&quot;,&quot;3119993d-3e84-432b-88b5-dcd6d2e4184e&quot;,&quot;c506a9b1-2568-4d70-b6f0-12471e8c5a1e&quot;,&quot;894bfd98-2732-447d-8804-7593406b895d&quot;,&quot;aaf297c6-6c66-424f-bb8c-cad2b833e05d&quot;,&quot;376e5a57-cbc3-4c61-8c58-c586c263c183&quot;,&quot;864e45a7-0b13-4edc-95cb-dd77da5a13c7&quot;,&quot;ddd93ec6-efb3-40a6-912a-fd9c1151c7f7&quot;,&quot;2319dacd-7537-4312-ac14-3c43a2fb5bbc&quot;,&quot;93378b19-976c-4988-9863-71c6426aa4c1&quot;,&quot;025159cf-8bf2-486d-a8f9-10e746224193&quot;,&quot;f3ad36b5-e33d-4e78-863a-5076dc8c1c94&quot;,&quot;aab04856-f84e-45e8-8adf-d492c9a0d86d&quot;,&quot;e7ac41d5-f98b-4610-876e-29f831c51a54&quot;,&quot;4d692739-ceca-4091-8068-73ba5a2986b9&quot;,&quot;f8413136-d169-43a2-b519-1a1b7cd57b88&quot;,&quot;aeb76706-67fa-4fe7-a43c-456ae8aa48f6&quot;,&quot;54bb203e-5e14-4f8d-8aa7-3dcbd049bfbe&quot;,&quot;e4cce759-91fa-40d0-8787-9bbb3a0a5f38&quot;,&quot;31e18264-51e6-4ee1-8345-9a52708b6d89&quot;,&quot;960b859c-bcfc-4053-9d4d-a9ea76add400&quot;,&quot;2b880f9b-d0f7-4830-b4ec-e3dca931df7a&quot;,&quot;67112986-61df-4119-b3b9-c433717030d4&quot;],&quot;pending&quot;:[],&quot;skipped&quot;:[],&quot;duration&quot;:1425319,&quot;root&quot;:false,&quot;rootEmpty&quot;:false,&quot;_timeout&quot;:2000}],&quot;passes&quot;:[],&quot;failures&quot;:[],&quot;pending&quot;:[],&quot;skipped&quot;:[],&quot;duration&quot;:0,&quot;root&quot;:true,&quot;rootEmpty&quot;:true,&quot;_timeout&quot;:2000}],&quot;meta&quot;:{&quot;mocha&quot;:{&quot;version&quot;:&quot;7.0.1&quot;},&quot;mochawesome&quot;:{&quot;options&quot;:{&quot;quiet&quot;:false,&quot;reportFilename&quot;:&quot;mochawesome&quot;,&quot;saveHtml&quot;:true,&quot;saveJson&quot;:true,&quot;consoleReporter&quot;:&quot;spec&quot;,&quot;useInlineDiffs&quot;:false,&quot;code&quot;:true},&quot;version&quot;:&quot;7.1.3&quot;},&quot;marge&quot;:{&quot;options&quot;:{&quot;id&quot;:&quot;default&quot;,&quot;reportDir&quot;:&quot;cypress/reports/mocha&quot;,&quot;mochaFile&quot;:&quot;cypress/reports/results/my-test-output-[hash].xml&quot;,&quot;quite&quot;:true,&quot;overwrite&quot;:false,&quot;html&quot;:true,&quot;json&quot;:true},&quot;version&quot;:&quot;6.2.0&quot;}}}" data-config="{&quot;reportFilename&quot;:&quot;mochawesome&quot;,&quot;reportDir&quot;:&quot;cypress/reports/mocha&quot;,&quot;reportTitle&quot;:&quot;verveaccessuitests_uat&quot;,&quot;reportPageTitle&quot;:&quot;Mochawesome Report&quot;,&quot;inline&quot;:false,&quot;inlineAssets&quot;:false,&quot;cdn&quot;:false,&quot;charts&quot;:false,&quot;enableCharts&quot;:false,&quot;code&quot;:true,&quot;enableCode&quot;:true,&quot;autoOpen&quot;:false,&quot;overwrite&quot;:false,&quot;timestamp&quot;:false,&quot;ts&quot;:false,&quot;showPassed&quot;:true,&quot;showFailed&quot;:true,&quot;showPending&quot;:true,&quot;showSkipped&quot;:false,&quot;showHooks&quot;:&quot;failed&quot;,&quot;saveJson&quot;:true,&quot;saveHtml&quot;:true,&quot;dev&quot;:false,&quot;assetsDir&quot;:&quot;cypress\\reports\\mocha\\assets&quot;,&quot;jsonFile&quot;:&quot;C:\\Users\\Chijioke.njoku\\Documents\\verveaccessuitests_uat\\cypress\\reports\\mocha\\mochawesome.json&quot;,&quot;htmlFile&quot;:&quot;C:\\Users\\Chijioke.njoku\\Documents\\verveaccessuitests_uat\\cypress\\reports\\mocha\\mochawesome.html&quot;}"><div id="report"></div><script src="assets\app.js"></script></body></html>
=======
<html lang="en"><head><meta charSet="utf-8"/><meta http-equiv="X-UA-Compatible" content="IE=edge"/><meta name="viewport" content="width=device-width, initial-scale=1"/><title>Mochawesome Report</title><link rel="stylesheet" href="assets\app.css"/></head><body data-raw="{&quot;stats&quot;:{&quot;suites&quot;:1,&quot;tests&quot;:1,&quot;passes&quot;:0,&quot;pending&quot;:0,&quot;failures&quot;:1,&quot;start&quot;:&quot;2023-08-22T14:27:08.031Z&quot;,&quot;end&quot;:&quot;2023-08-22T14:27:59.888Z&quot;,&quot;duration&quot;:51857,&quot;testsRegistered&quot;:1,&quot;passPercent&quot;:0,&quot;pendingPercent&quot;:0,&quot;other&quot;:0,&quot;hasOther&quot;:false,&quot;skipped&quot;:0,&quot;hasSkipped&quot;:false},&quot;results&quot;:[{&quot;uuid&quot;:&quot;262ba01e-ddec-401c-9613-648dfd139e77&quot;,&quot;title&quot;:&quot;&quot;,&quot;fullFile&quot;:&quot;cypress\\e2e\\VerveAccess-UI-Tests-UAT\\D-VerveAdminUATTests\\Requests.cy.js&quot;,&quot;file&quot;:&quot;cypress\\e2e\\VerveAccess-UI-Tests-UAT\\D-VerveAdminUATTests\\Requests.cy.js&quot;,&quot;beforeHooks&quot;:[],&quot;afterHooks&quot;:[],&quot;tests&quot;:[],&quot;suites&quot;:[{&quot;uuid&quot;:&quot;a2fbaa8d-003e-4bb9-ae67-f13f11198b25&quot;,&quot;title&quot;:&quot;visit Verve Access&quot;,&quot;fullFile&quot;:&quot;&quot;,&quot;file&quot;:&quot;&quot;,&quot;beforeHooks&quot;:[],&quot;afterHooks&quot;:[],&quot;tests&quot;:[{&quot;title&quot;:&quot;Add Request Template without Template and Title&quot;,&quot;fullTitle&quot;:&quot;visit Verve Access Add Request Template without Template and Title&quot;,&quot;duration&quot;:51677,&quot;state&quot;:&quot;failed&quot;,&quot;pass&quot;:false,&quot;fail&quot;:true,&quot;pending&quot;:false,&quot;code&quot;:&quot;Rq.setGoToRequestPage();\ncy.wait(12000);\ncy.get(\&quot;(//span[normalize-space()=&#x27;Closed&#x27;])[1]\&quot;).click();\ncy.get(&#x27;li:nth-child(1) span:nth-child(8)&#x27;).click(); //(//span[contains(text(),&#x27;View&#x27;)])[1]&quot;,&quot;err&quot;:{&quot;message&quot;:&quot;Error: Syntax error, unrecognized expression: (//span[normalize-space()=&#x27;Closed&#x27;])[1]&quot;,&quot;estack&quot;:&quot;Error: Syntax error, unrecognized expression: (//span[normalize-space()=&#x27;Closed&#x27;])[1]\n    at Function.Sizzle.error (https://verve-access-customer.k8.isw.la/__cypress/runner/cypress_runner.js:106295:8)\n    at Sizzle.tokenize (https://verve-access-customer.k8.isw.la/__cypress/runner/cypress_runner.js:106947:11)\n    at Sizzle.select (https://verve-access-customer.k8.isw.la/__cypress/runner/cypress_runner.js:107374:20)\n    at Function.Sizzle [as find] (https://verve-access-customer.k8.isw.la/__cypress/runner/cypress_runner.js:105599:9)\n    at jQuery.fn.init.find (https://verve-access-customer.k8.isw.la/__cypress/runner/cypress_runner.js:107630:11)\n    at new jQuery.fn.init (https://verve-access-customer.k8.isw.la/__cypress/runner/cypress_runner.js:107745:40)\n    at Object.query (https://verve-access-customer.k8.isw.la/__cypress/runner/cypress_runner.js:183650:10)\n    at $Cy.$$ (https://verve-access-customer.k8.isw.la/__cypress/runner/cypress_runner.js:162343:65)\n    at getElements (https://verve-access-customer.k8.isw.la/__cypress/runner/cypress_runner.js:157620:20)\n    at tryCatcher (https://verve-access-customer.k8.isw.la/__cypress/runner/cypress_runner.js:13012:23)\n    at Function.Promise.attempt.Promise.try (https://verve-access-customer.k8.isw.la/__cypress/runner/cypress_runner.js:10286:29)\n    at resolveElements (https://verve-access-customer.k8.isw.la/__cypress/runner/cypress_runner.js:157670:67)\n    at Context.get (https://verve-access-customer.k8.isw.la/__cypress/runner/cypress_runner.js:157681:14)\n    at https://verve-access-customer.k8.isw.la/__cypress/runner/cypress_runner.js:170360:15\n    at tryCatcher (https://verve-access-customer.k8.isw.la/__cypress/runner/cypress_runner.js:13012:23)\n    at Promise._settlePromiseFromHandler (https://verve-access-customer.k8.isw.la/__cypress/runner/cypress_runner.js:10947:31)\n    at Promise._settlePromise (https://verve-access-customer.k8.isw.la/__cypress/runner/cypress_runner.js:11004:18)\n    at Promise._settlePromiseCtx (https://verve-access-customer.k8.isw.la/__cypress/runner/cypress_runner.js:11041:10)\n    at _drainQueueStep (https://verve-access-customer.k8.isw.la/__cypress/runner/cypress_runner.js:7723:12)\n    at _drainQueue (https://verve-access-customer.k8.isw.la/__cypress/runner/cypress_runner.js:7712:9)\n    at Async.../../node_modules/bluebird/js/release/async.js.Async._drainQueues (https://verve-access-customer.k8.isw.la/__cypress/runner/cypress_runner.js:7728:5)&quot;},&quot;uuid&quot;:&quot;e2b3d213-c3bc-4121-a52b-938efcd8aea8&quot;,&quot;parentUUID&quot;:&quot;a2fbaa8d-003e-4bb9-ae67-f13f11198b25&quot;,&quot;isHook&quot;:false,&quot;skipped&quot;:false}],&quot;suites&quot;:[],&quot;passes&quot;:[],&quot;failures&quot;:[&quot;e2b3d213-c3bc-4121-a52b-938efcd8aea8&quot;],&quot;pending&quot;:[],&quot;skipped&quot;:[],&quot;duration&quot;:51677,&quot;root&quot;:false,&quot;rootEmpty&quot;:false,&quot;_timeout&quot;:2000}],&quot;passes&quot;:[],&quot;failures&quot;:[],&quot;pending&quot;:[],&quot;skipped&quot;:[],&quot;duration&quot;:0,&quot;root&quot;:true,&quot;rootEmpty&quot;:true,&quot;_timeout&quot;:2000}],&quot;meta&quot;:{&quot;mocha&quot;:{&quot;version&quot;:&quot;7.0.1&quot;},&quot;mochawesome&quot;:{&quot;options&quot;:{&quot;quiet&quot;:false,&quot;reportFilename&quot;:&quot;mochawesome&quot;,&quot;saveHtml&quot;:true,&quot;saveJson&quot;:true,&quot;consoleReporter&quot;:&quot;spec&quot;,&quot;useInlineDiffs&quot;:false,&quot;code&quot;:true},&quot;version&quot;:&quot;7.1.3&quot;},&quot;marge&quot;:{&quot;options&quot;:{&quot;id&quot;:&quot;default&quot;,&quot;reportDir&quot;:&quot;cypress/reports/mocha&quot;,&quot;mochaFile&quot;:&quot;cypress/reports/results/my-test-output-[hash].xml&quot;,&quot;quite&quot;:true,&quot;overwrite&quot;:false,&quot;html&quot;:true,&quot;json&quot;:true},&quot;version&quot;:&quot;6.2.0&quot;}}}" data-config="{&quot;reportFilename&quot;:&quot;mochawesome&quot;,&quot;reportDir&quot;:&quot;cypress/reports/mocha&quot;,&quot;reportTitle&quot;:&quot;verveaccessuitests_uat&quot;,&quot;reportPageTitle&quot;:&quot;Mochawesome Report&quot;,&quot;inline&quot;:false,&quot;inlineAssets&quot;:false,&quot;cdn&quot;:false,&quot;charts&quot;:false,&quot;enableCharts&quot;:false,&quot;code&quot;:true,&quot;enableCode&quot;:true,&quot;autoOpen&quot;:false,&quot;overwrite&quot;:false,&quot;timestamp&quot;:false,&quot;ts&quot;:false,&quot;showPassed&quot;:true,&quot;showFailed&quot;:true,&quot;showPending&quot;:true,&quot;showSkipped&quot;:false,&quot;showHooks&quot;:&quot;failed&quot;,&quot;saveJson&quot;:true,&quot;saveHtml&quot;:true,&quot;dev&quot;:false,&quot;assetsDir&quot;:&quot;cypress\\reports\\mocha\\assets&quot;,&quot;jsonFile&quot;:&quot;C:\\Users\\ogechi.nwaobiala\\Documents\\verveaccessuitests_uat\\cypress\\reports\\mocha\\mochawesome.json&quot;,&quot;htmlFile&quot;:&quot;C:\\Users\\ogechi.nwaobiala\\Documents\\verveaccessuitests_uat\\cypress\\reports\\mocha\\mochawesome.html&quot;}"><div id="report"></div><script src="assets\app.js"></script></body></html>
>>>>>>> 6758b0e7ff0c6b758b70610ce02f26bc896d4963
