<!doctype html>
<<<<<<< HEAD
<html lang="en"><head><meta charSet="utf-8"/><meta http-equiv="X-UA-Compatible" content="IE=edge"/><meta name="viewport" content="width=device-width, initial-scale=1"/><title>Mochawesome Report</title><link rel="stylesheet" href="assets\app.css"/></head><body data-raw="{&quot;stats&quot;:{&quot;suites&quot;:1,&quot;tests&quot;:19,&quot;passes&quot;:0,&quot;pending&quot;:0,&quot;failures&quot;:19,&quot;start&quot;:&quot;2023-07-25T12:31:34.400Z&quot;,&quot;end&quot;:&quot;2023-07-25T12:46:30.497Z&quot;,&quot;duration&quot;:896097,&quot;testsRegistered&quot;:19,&quot;passPercent&quot;:0,&quot;pendingPercent&quot;:0,&quot;other&quot;:0,&quot;hasOther&quot;:false,&quot;skipped&quot;:0,&quot;hasSkipped&quot;:false},&quot;results&quot;:[{&quot;uuid&quot;:&quot;9fc67bbb-ab9d-40a1-9119-20e53d58e1e0&quot;,&quot;title&quot;:&quot;&quot;,&quot;fullFile&quot;:&quot;cypress\\e2e\\VerveAccess-UI-Tests-UAT\\B-CorporateAdminUATTests\\Decals.cy.js&quot;,&quot;file&quot;:&quot;cypress\\e2e\\VerveAccess-UI-Tests-UAT\\B-CorporateAdminUATTests\\Decals.cy.js&quot;,&quot;beforeHooks&quot;:[],&quot;afterHooks&quot;:[],&quot;tests&quot;:[],&quot;suites&quot;:[{&quot;uuid&quot;:&quot;66befb52-5591-40cd-bb50-b7e302bd89a7&quot;,&quot;title&quot;:&quot;visit Verve Access&quot;,&quot;fullFile&quot;:&quot;&quot;,&quot;file&quot;:&quot;&quot;,&quot;beforeHooks&quot;:[],&quot;afterHooks&quot;:[],&quot;tests&quot;:[{&quot;title&quot;:&quot;should view and approve &quot;,&quot;fullTitle&quot;:&quot;visit Verve Access should view and approve &quot;,&quot;duration&quot;:50093,&quot;state&quot;:&quot;failed&quot;,&quot;pass&quot;:false,&quot;fail&quot;:true,&quot;pending&quot;:false,&quot;code&quot;:&quot;DC.setGoToDecalPage2();\nDC.setPendingTab();\nDC.setSelectDecal1();\nDC.setApproveDecal();\nDC.setInputValue(varTest.test);\nDC.setSummitDecal();\nDC.setConfirmApproval();\nDC.setVerifyRequest(&#x27;Approval was successful.&#x27;);\nln.setLogout();&quot;,&quot;err&quot;:{&quot;message&quot;:&quot;AssertionError: Timed out retrying after 20000ms: Expected to find element: `#burger-cont &gt; :nth-child(1)`, but never found it.&quot;,&quot;estack&quot;:&quot;AssertionError: Timed out retrying after 20000ms: Expected to find element: `#burger-cont &gt; :nth-child(1)`, but never found it.\n    at Decal.setGoToDecalPage2 (https://verve-access-customer.k8.isw.la/__cypress/tests?p=cypress\\e2e\\VerveAccess-UI-Tests-UAT\\B-CorporateAdminUATTests\\Decals.cy.js:154:8)\n    at Context.eval (https://verve-access-customer.k8.isw.la/__cypress/tests?p=cypress\\e2e\\VerveAccess-UI-Tests-UAT\\B-CorporateAdminUATTests\\Decals.cy.js:372:8)&quot;},&quot;uuid&quot;:&quot;57d80277-55c0-4783-9912-d2c40c0a3a98&quot;,&quot;parentUUID&quot;:&quot;66befb52-5591-40cd-bb50-b7e302bd89a7&quot;,&quot;isHook&quot;:false,&quot;skipped&quot;:false},{&quot;title&quot;:&quot;should close with close button &quot;,&quot;fullTitle&quot;:&quot;visit Verve Access should close with close button &quot;,&quot;duration&quot;:41583,&quot;state&quot;:&quot;failed&quot;,&quot;pass&quot;:false,&quot;fail&quot;:true,&quot;pending&quot;:false,&quot;code&quot;:&quot;DC.setGoToDecalPage2();\nDC.setPendingTab();\nDC.setSelectDecal1();\nDC.setApproveDecal();\nDC.setInputValue(varTest.test);\nDC.setSummitDecal();\nDC.setCloseModal3();\nln.setLogout();&quot;,&quot;err&quot;:{&quot;message&quot;:&quot;AssertionError: Timed out retrying after 20000ms: Expected to find element: `#burger-cont &gt; :nth-child(1)`, but never found it.&quot;,&quot;estack&quot;:&quot;AssertionError: Timed out retrying after 20000ms: Expected to find element: `#burger-cont &gt; :nth-child(1)`, but never found it.\n    at Decal.setGoToDecalPage2 (https://verve-access-customer.k8.isw.la/__cypress/tests?p=cypress\\e2e\\VerveAccess-UI-Tests-UAT\\B-CorporateAdminUATTests\\Decals.cy.js:154:8)\n    at Context.eval (https://verve-access-customer.k8.isw.la/__cypress/tests?p=cypress\\e2e\\VerveAccess-UI-Tests-UAT\\B-CorporateAdminUATTests\\Decals.cy.js:383:8)&quot;},&quot;uuid&quot;:&quot;50753236-d7cf-4ccb-bf9c-a56cd78bf7e6&quot;,&quot;parentUUID&quot;:&quot;66befb52-5591-40cd-bb50-b7e302bd89a7&quot;,&quot;isHook&quot;:false,&quot;skipped&quot;:false},{&quot;title&quot;:&quot;should close with NO button &quot;,&quot;fullTitle&quot;:&quot;visit Verve Access should close with NO button &quot;,&quot;duration&quot;:42838,&quot;state&quot;:&quot;failed&quot;,&quot;pass&quot;:false,&quot;fail&quot;:true,&quot;pending&quot;:false,&quot;code&quot;:&quot;DC.setGoToDecalPage2();\nDC.setPendingTab();\nDC.setSelectDecal1();\nDC.setApproveDecal();\nDC.setInputValue(varTest.test);\nDC.setSummitDecal();\nDC.setCloseModalNo();\nln.setLogout();&quot;,&quot;err&quot;:{&quot;message&quot;:&quot;AssertionError: Timed out retrying after 20000ms: Expected to find element: `#burger-cont &gt; :nth-child(1)`, but never found it.&quot;,&quot;estack&quot;:&quot;AssertionError: Timed out retrying after 20000ms: Expected to find element: `#burger-cont &gt; :nth-child(1)`, but never found it.\n    at Decal.setGoToDecalPage2 (https://verve-access-customer.k8.isw.la/__cypress/tests?p=cypress\\e2e\\VerveAccess-UI-Tests-UAT\\B-CorporateAdminUATTests\\Decals.cy.js:154:8)\n    at Context.eval (https://verve-access-customer.k8.isw.la/__cypress/tests?p=cypress\\e2e\\VerveAccess-UI-Tests-UAT\\B-CorporateAdminUATTests\\Decals.cy.js:393:8)&quot;},&quot;uuid&quot;:&quot;9cbf5113-5f08-4091-8f6f-ffb092f49e6b&quot;,&quot;parentUUID&quot;:&quot;66befb52-5591-40cd-bb50-b7e302bd89a7&quot;,&quot;isHook&quot;:false,&quot;skipped&quot;:false},{&quot;title&quot;:&quot;should view and reject &quot;,&quot;fullTitle&quot;:&quot;visit Verve Access should view and reject &quot;,&quot;duration&quot;:40776,&quot;state&quot;:&quot;failed&quot;,&quot;pass&quot;:false,&quot;fail&quot;:true,&quot;pending&quot;:false,&quot;code&quot;:&quot;DC.setGoToDecalPage2();\nDC.setPendingTab();\nDC.setSelectDecal1();\nDC.setRejectDecal();\nDC.setInputValue(varTest.test);\nDC.setSummitDecal();\nDC.setConfirmReject();\nDC.setVerifyRequest(&#x27;Rejection was successful.&#x27;);\nln.setLogout();&quot;,&quot;err&quot;:{&quot;message&quot;:&quot;AssertionError: Timed out retrying after 20000ms: Expected to find element: `#burger-cont &gt; :nth-child(1)`, but never found it.&quot;,&quot;estack&quot;:&quot;AssertionError: Timed out retrying after 20000ms: Expected to find element: `#burger-cont &gt; :nth-child(1)`, but never found it.\n    at Decal.setGoToDecalPage2 (https://verve-access-customer.k8.isw.la/__cypress/tests?p=cypress\\e2e\\VerveAccess-UI-Tests-UAT\\B-CorporateAdminUATTests\\Decals.cy.js:154:8)\n    at Context.eval (https://verve-access-customer.k8.isw.la/__cypress/tests?p=cypress\\e2e\\VerveAccess-UI-Tests-UAT\\B-CorporateAdminUATTests\\Decals.cy.js:403:8)&quot;},&quot;uuid&quot;:&quot;8b46add3-8705-4c4d-b9e2-7b49cc81c3c0&quot;,&quot;parentUUID&quot;:&quot;66befb52-5591-40cd-bb50-b7e302bd89a7&quot;,&quot;isHook&quot;:false,&quot;skipped&quot;:false},{&quot;title&quot;:&quot;should not and reject without comment&quot;,&quot;fullTitle&quot;:&quot;visit Verve Access should not and reject without comment&quot;,&quot;duration&quot;:41313,&quot;state&quot;:&quot;failed&quot;,&quot;pass&quot;:false,&quot;fail&quot;:true,&quot;pending&quot;:false,&quot;code&quot;:&quot;DC.setGoToDecalPage2();\nDC.setPendingTab();\nDC.setSelectDecal1();\nDC.setRejectDecal(); //DC.setInputValue(varTest.test)\nDC.setSummitDecal();\nDC.setCloseModal2();\nln.setLogout();&quot;,&quot;err&quot;:{&quot;message&quot;:&quot;AssertionError: Timed out retrying after 20000ms: Expected to find element: `#burger-cont &gt; :nth-child(1)`, but never found it.&quot;,&quot;estack&quot;:&quot;AssertionError: Timed out retrying after 20000ms: Expected to find element: `#burger-cont &gt; :nth-child(1)`, but never found it.\n    at Decal.setGoToDecalPage2 (https://verve-access-customer.k8.isw.la/__cypress/tests?p=cypress\\e2e\\VerveAccess-UI-Tests-UAT\\B-CorporateAdminUATTests\\Decals.cy.js:154:8)\n    at Context.eval (https://verve-access-customer.k8.isw.la/__cypress/tests?p=cypress\\e2e\\VerveAccess-UI-Tests-UAT\\B-CorporateAdminUATTests\\Decals.cy.js:414:8)&quot;},&quot;uuid&quot;:&quot;d213f89f-ae30-4fb4-be60-cc21c2f6191e&quot;,&quot;parentUUID&quot;:&quot;66befb52-5591-40cd-bb50-b7e302bd89a7&quot;,&quot;isHook&quot;:false,&quot;skipped&quot;:false},{&quot;title&quot;:&quot;should close modal with No&quot;,&quot;fullTitle&quot;:&quot;visit Verve Access should close modal with No&quot;,&quot;duration&quot;:40364,&quot;state&quot;:&quot;failed&quot;,&quot;pass&quot;:false,&quot;fail&quot;:true,&quot;pending&quot;:false,&quot;code&quot;:&quot;DC.setGoToDecalPage2();\nDC.setPendingTab();\nDC.setSelectDecal1();\nDC.setRejectDecal();\nDC.setInputValue(varTest.test);\nDC.setSummitDecal();\nDC.setCloseModalNo();\nln.setLogout();&quot;,&quot;err&quot;:{&quot;message&quot;:&quot;AssertionError: Timed out retrying after 20000ms: Expected to find element: `#burger-cont &gt; :nth-child(1)`, but never found it.&quot;,&quot;estack&quot;:&quot;AssertionError: Timed out retrying after 20000ms: Expected to find element: `#burger-cont &gt; :nth-child(1)`, but never found it.\n    at Decal.setGoToDecalPage2 (https://verve-access-customer.k8.isw.la/__cypress/tests?p=cypress\\e2e\\VerveAccess-UI-Tests-UAT\\B-CorporateAdminUATTests\\Decals.cy.js:154:8)\n    at Context.eval (https://verve-access-customer.k8.isw.la/__cypress/tests?p=cypress\\e2e\\VerveAccess-UI-Tests-UAT\\B-CorporateAdminUATTests\\Decals.cy.js:424:8)&quot;},&quot;uuid&quot;:&quot;d46088d0-2af6-45c4-90a1-4ee620c0858c&quot;,&quot;parentUUID&quot;:&quot;66befb52-5591-40cd-bb50-b7e302bd89a7&quot;,&quot;isHook&quot;:false,&quot;skipped&quot;:false},{&quot;title&quot;:&quot;should close modal with close&quot;,&quot;fullTitle&quot;:&quot;visit Verve Access should close modal with close&quot;,&quot;duration&quot;:40280,&quot;state&quot;:&quot;failed&quot;,&quot;pass&quot;:false,&quot;fail&quot;:true,&quot;pending&quot;:false,&quot;code&quot;:&quot;DC.setGoToDecalPage2();\nDC.setPendingTab();\nDC.setSelectDecal1();\nDC.setRejectDecal();\nDC.setInputValue(varTest.test);\nDC.setCloseModal2();\nln.setLogout();&quot;,&quot;err&quot;:{&quot;message&quot;:&quot;AssertionError: Timed out retrying after 20000ms: Expected to find element: `#burger-cont &gt; :nth-child(1)`, but never found it.&quot;,&quot;estack&quot;:&quot;AssertionError: Timed out retrying after 20000ms: Expected to find element: `#burger-cont &gt; :nth-child(1)`, but never found it.\n    at Decal.setGoToDecalPage2 (https://verve-access-customer.k8.isw.la/__cypress/tests?p=cypress\\e2e\\VerveAccess-UI-Tests-UAT\\B-CorporateAdminUATTests\\Decals.cy.js:154:8)\n    at Context.eval (https://verve-access-customer.k8.isw.la/__cypress/tests?p=cypress\\e2e\\VerveAccess-UI-Tests-UAT\\B-CorporateAdminUATTests\\Decals.cy.js:434:8)&quot;},&quot;uuid&quot;:&quot;5d3fef75-7c56-4deb-9dfc-8cdefa0e1f12&quot;,&quot;parentUUID&quot;:&quot;66befb52-5591-40cd-bb50-b7e302bd89a7&quot;,&quot;isHook&quot;:false,&quot;skipped&quot;:false},{&quot;title&quot;:&quot;should view and  not approve without comment &quot;,&quot;fullTitle&quot;:&quot;visit Verve Access should view and  not approve without comment &quot;,&quot;duration&quot;:41077,&quot;state&quot;:&quot;failed&quot;,&quot;pass&quot;:false,&quot;fail&quot;:true,&quot;pending&quot;:false,&quot;code&quot;:&quot;DC.setGoToDecalPage2();\nDC.setPendingTab();\nDC.setSelectDecal1();\nDC.setApproveDecal(); //DC.setInputValue(varTest.test)\nDC.setCloseModal2();\nln.setLogout();&quot;,&quot;err&quot;:{&quot;message&quot;:&quot;AssertionError: Timed out retrying after 20000ms: Expected to find element: `#burger-cont &gt; :nth-child(1)`, but never found it.&quot;,&quot;estack&quot;:&quot;AssertionError: Timed out retrying after 20000ms: Expected to find element: `#burger-cont &gt; :nth-child(1)`, but never found it.\n    at Decal.setGoToDecalPage2 (https://verve-access-customer.k8.isw.la/__cypress/tests?p=cypress\\e2e\\VerveAccess-UI-Tests-UAT\\B-CorporateAdminUATTests\\Decals.cy.js:154:8)\n    at Context.eval (https://verve-access-customer.k8.isw.la/__cypress/tests?p=cypress\\e2e\\VerveAccess-UI-Tests-UAT\\B-CorporateAdminUATTests\\Decals.cy.js:443:8)&quot;},&quot;uuid&quot;:&quot;d6d0a410-e912-4c3a-9039-d4c043e1efe7&quot;,&quot;parentUUID&quot;:&quot;66befb52-5591-40cd-bb50-b7e302bd89a7&quot;,&quot;isHook&quot;:false,&quot;skipped&quot;:false},{&quot;title&quot;:&quot;should approve decal&quot;,&quot;fullTitle&quot;:&quot;visit Verve Access should approve decal&quot;,&quot;duration&quot;:45031,&quot;state&quot;:&quot;failed&quot;,&quot;pass&quot;:false,&quot;fail&quot;:true,&quot;pending&quot;:false,&quot;code&quot;:&quot;DC.setGoToDecalPage2();\nDC.setPendingTab();\nDC.setSelectDecal2();\nDC.setInputValue(varTest.test);\nDC.setSummitDecal();\nDC.setConfirmApproval();\nDC.setVerifyRequest(&#x27;Approval was successful.&#x27;);\nln.setLogout();&quot;,&quot;err&quot;:{&quot;message&quot;:&quot;AssertionError: Timed out retrying after 20000ms: Expected to find element: `#burger-cont &gt; :nth-child(1)`, but never found it.&quot;,&quot;estack&quot;:&quot;AssertionError: Timed out retrying after 20000ms: Expected to find element: `#burger-cont &gt; :nth-child(1)`, but never found it.\n    at Decal.setGoToDecalPage2 (https://verve-access-customer.k8.isw.la/__cypress/tests?p=cypress\\e2e\\VerveAccess-UI-Tests-UAT\\B-CorporateAdminUATTests\\Decals.cy.js:154:8)\n    at Context.eval (https://verve-access-customer.k8.isw.la/__cypress/tests?p=cypress\\e2e\\VerveAccess-UI-Tests-UAT\\B-CorporateAdminUATTests\\Decals.cy.js:452:8)&quot;},&quot;uuid&quot;:&quot;29f93736-6b32-4eef-ad89-4bff5e7292de&quot;,&quot;parentUUID&quot;:&quot;66befb52-5591-40cd-bb50-b7e302bd89a7&quot;,&quot;isHook&quot;:false,&quot;skipped&quot;:false},{&quot;title&quot;:&quot;should not approve decal without comment&quot;,&quot;fullTitle&quot;:&quot;visit Verve Access should not approve decal without comment&quot;,&quot;duration&quot;:43404,&quot;state&quot;:&quot;failed&quot;,&quot;pass&quot;:false,&quot;fail&quot;:true,&quot;pending&quot;:false,&quot;code&quot;:&quot;DC.setGoToDecalPage2();\nDC.setPendingTab();\nDC.setSelectDecal2(); // DC.setInputValue(varTest.test)\nDC.setCloseModal2();\nln.setLogout();&quot;,&quot;err&quot;:{&quot;message&quot;:&quot;AssertionError: Timed out retrying after 20000ms: Expected to find element: `#burger-cont &gt; :nth-child(1)`, but never found it.&quot;,&quot;estack&quot;:&quot;AssertionError: Timed out retrying after 20000ms: Expected to find element: `#burger-cont &gt; :nth-child(1)`, but never found it.\n    at Decal.setGoToDecalPage2 (https://verve-access-customer.k8.isw.la/__cypress/tests?p=cypress\\e2e\\VerveAccess-UI-Tests-UAT\\B-CorporateAdminUATTests\\Decals.cy.js:154:8)\n    at Context.eval (https://verve-access-customer.k8.isw.la/__cypress/tests?p=cypress\\e2e\\VerveAccess-UI-Tests-UAT\\B-CorporateAdminUATTests\\Decals.cy.js:462:8)&quot;},&quot;uuid&quot;:&quot;b233921f-b765-4951-bd8a-c14b5b8f1c0a&quot;,&quot;parentUUID&quot;:&quot;66befb52-5591-40cd-bb50-b7e302bd89a7&quot;,&quot;isHook&quot;:false,&quot;skipped&quot;:false},{&quot;title&quot;:&quot;should Search for complete decal on Approved tab &quot;,&quot;fullTitle&quot;:&quot;visit Verve Access should Search for complete decal on Approved tab &quot;,&quot;duration&quot;:41149,&quot;state&quot;:&quot;failed&quot;,&quot;pass&quot;:false,&quot;fail&quot;:true,&quot;pending&quot;:false,&quot;code&quot;:&quot;DC.setGoToDecalPage2();\nDC.setinputSearch(&#x27;Decal Item 41891&#x27;);\nDC.setsearch();\nDC.setVerifyRequest(&#x27;Decal Item 41891&#x27;);\nln.setLogout();&quot;,&quot;err&quot;:{&quot;message&quot;:&quot;AssertionError: Timed out retrying after 20000ms: Expected to find element: `#burger-cont &gt; :nth-child(1)`, but never found it.&quot;,&quot;estack&quot;:&quot;AssertionError: Timed out retrying after 20000ms: Expected to find element: `#burger-cont &gt; :nth-child(1)`, but never found it.\n    at Decal.setGoToDecalPage2 (https://verve-access-customer.k8.isw.la/__cypress/tests?p=cypress\\e2e\\VerveAccess-UI-Tests-UAT\\B-CorporateAdminUATTests\\Decals.cy.js:154:8)\n    at Context.eval (https://verve-access-customer.k8.isw.la/__cypress/tests?p=cypress\\e2e\\VerveAccess-UI-Tests-UAT\\B-CorporateAdminUATTests\\Decals.cy.js:470:8)&quot;},&quot;uuid&quot;:&quot;63aa672e-820c-46ae-9aaa-5f3ccddcb731&quot;,&quot;parentUUID&quot;:&quot;66befb52-5591-40cd-bb50-b7e302bd89a7&quot;,&quot;isHook&quot;:false,&quot;skipped&quot;:false},{&quot;title&quot;:&quot;should Search for incomplete decal on Approved tab&quot;,&quot;fullTitle&quot;:&quot;visit Verve Access should Search for incomplete decal on Approved tab&quot;,&quot;duration&quot;:41614,&quot;state&quot;:&quot;failed&quot;,&quot;pass&quot;:false,&quot;fail&quot;:true,&quot;pending&quot;:false,&quot;code&quot;:&quot;DC.setGoToDecalPage2();\nDC.setinputSearch(&#x27;Decal It&#x27;);\nDC.setsearch();\nDC.setVerifyRequest(&#x27;Decal It&#x27;);\nln.setLogout();&quot;,&quot;err&quot;:{&quot;message&quot;:&quot;AssertionError: Timed out retrying after 20000ms: Expected to find element: `#burger-cont &gt; :nth-child(1)`, but never found it.&quot;,&quot;estack&quot;:&quot;AssertionError: Timed out retrying after 20000ms: Expected to find element: `#burger-cont &gt; :nth-child(1)`, but never found it.\n    at Decal.setGoToDecalPage2 (https://verve-access-customer.k8.isw.la/__cypress/tests?p=cypress\\e2e\\VerveAccess-UI-Tests-UAT\\B-CorporateAdminUATTests\\Decals.cy.js:154:8)\n    at Context.eval (https://verve-access-customer.k8.isw.la/__cypress/tests?p=cypress\\e2e\\VerveAccess-UI-Tests-UAT\\B-CorporateAdminUATTests\\Decals.cy.js:477:8)&quot;},&quot;uuid&quot;:&quot;d9939d44-0042-4ab9-87f9-6641b3f90ecd&quot;,&quot;parentUUID&quot;:&quot;66befb52-5591-40cd-bb50-b7e302bd89a7&quot;,&quot;isHook&quot;:false,&quot;skipped&quot;:false},{&quot;title&quot;:&quot;should Search for invalid decal on Approved tab&quot;,&quot;fullTitle&quot;:&quot;visit Verve Access should Search for invalid decal on Approved tab&quot;,&quot;duration&quot;:45406,&quot;state&quot;:&quot;failed&quot;,&quot;pass&quot;:false,&quot;fail&quot;:true,&quot;pending&quot;:false,&quot;code&quot;:&quot;DC.setGoToDecalPage2();\nDC.setinputSearch(&#x27;blahdadka amdakdja&#x27;);\nDC.setsearch();\nDC.setVerifyRequest(&#x27;No Data to Display&#x27;);\nln.setLogout();&quot;,&quot;err&quot;:{&quot;message&quot;:&quot;AssertionError: Timed out retrying after 20000ms: Expected to find element: `#burger-cont &gt; :nth-child(1)`, but never found it.&quot;,&quot;estack&quot;:&quot;AssertionError: Timed out retrying after 20000ms: Expected to find element: `#burger-cont &gt; :nth-child(1)`, but never found it.\n    at Decal.setGoToDecalPage2 (https://verve-access-customer.k8.isw.la/__cypress/tests?p=cypress\\e2e\\VerveAccess-UI-Tests-UAT\\B-CorporateAdminUATTests\\Decals.cy.js:154:8)\n    at Context.eval (https://verve-access-customer.k8.isw.la/__cypress/tests?p=cypress\\e2e\\VerveAccess-UI-Tests-UAT\\B-CorporateAdminUATTests\\Decals.cy.js:484:8)&quot;},&quot;uuid&quot;:&quot;cd81b4a0-6bf3-445f-98ce-972b543903f0&quot;,&quot;parentUUID&quot;:&quot;66befb52-5591-40cd-bb50-b7e302bd89a7&quot;,&quot;isHook&quot;:false,&quot;skipped&quot;:false},{&quot;title&quot;:&quot;should Search for complete decal on Pending tab &quot;,&quot;fullTitle&quot;:&quot;visit Verve Access should Search for complete decal on Pending tab &quot;,&quot;duration&quot;:44547,&quot;state&quot;:&quot;failed&quot;,&quot;pass&quot;:false,&quot;fail&quot;:true,&quot;pending&quot;:false,&quot;code&quot;:&quot;DC.setGoToDecalPage2();\nDC.setPendingTab();\nDC.setinputSearch(&#x27;Decal Item 87545&#x27;);\nDC.setsearch();\nDC.setVerifyRequest(&#x27;Decal Item 87545&#x27;);\nln.setLogout();&quot;,&quot;err&quot;:{&quot;message&quot;:&quot;AssertionError: Timed out retrying after 20000ms: Expected to find element: `#burger-cont &gt; :nth-child(1)`, but never found it.&quot;,&quot;estack&quot;:&quot;AssertionError: Timed out retrying after 20000ms: Expected to find element: `#burger-cont &gt; :nth-child(1)`, but never found it.\n    at Decal.setGoToDecalPage2 (https://verve-access-customer.k8.isw.la/__cypress/tests?p=cypress\\e2e\\VerveAccess-UI-Tests-UAT\\B-CorporateAdminUATTests\\Decals.cy.js:154:8)\n    at Context.eval (https://verve-access-customer.k8.isw.la/__cypress/tests?p=cypress\\e2e\\VerveAccess-UI-Tests-UAT\\B-CorporateAdminUATTests\\Decals.cy.js:491:8)&quot;},&quot;uuid&quot;:&quot;d688be7e-4fe7-4aa4-90e9-b74c4e342493&quot;,&quot;parentUUID&quot;:&quot;66befb52-5591-40cd-bb50-b7e302bd89a7&quot;,&quot;isHook&quot;:false,&quot;skipped&quot;:false},{&quot;title&quot;:&quot;should Search for incomplete decal on Pending  tab&quot;,&quot;fullTitle&quot;:&quot;visit Verve Access should Search for incomplete decal on Pending  tab&quot;,&quot;duration&quot;:46828,&quot;state&quot;:&quot;failed&quot;,&quot;pass&quot;:false,&quot;fail&quot;:true,&quot;pending&quot;:false,&quot;code&quot;:&quot;DC.setGoToDecalPage2();\nDC.setPendingTab();\nDC.setinputSearch(&#x27;Decal It&#x27;);\nDC.setsearch();\nDC.setVerifyRequest(&#x27;Decal It&#x27;);\nln.setLogout();&quot;,&quot;err&quot;:{&quot;message&quot;:&quot;AssertionError: Timed out retrying after 20000ms: Expected to find element: `#burger-cont &gt; :nth-child(1)`, but never found it.&quot;,&quot;estack&quot;:&quot;AssertionError: Timed out retrying after 20000ms: Expected to find element: `#burger-cont &gt; :nth-child(1)`, but never found it.\n    at Decal.setGoToDecalPage2 (https://verve-access-customer.k8.isw.la/__cypress/tests?p=cypress\\e2e\\VerveAccess-UI-Tests-UAT\\B-CorporateAdminUATTests\\Decals.cy.js:154:8)\n    at Context.eval (https://verve-access-customer.k8.isw.la/__cypress/tests?p=cypress\\e2e\\VerveAccess-UI-Tests-UAT\\B-CorporateAdminUATTests\\Decals.cy.js:499:8)&quot;},&quot;uuid&quot;:&quot;525ea41b-9fdb-4e42-a06a-567ccd2e5257&quot;,&quot;parentUUID&quot;:&quot;66befb52-5591-40cd-bb50-b7e302bd89a7&quot;,&quot;isHook&quot;:false,&quot;skipped&quot;:false},{&quot;title&quot;:&quot;should Search for invalid decal on Pending  tab&quot;,&quot;fullTitle&quot;:&quot;visit Verve Access should Search for invalid decal on Pending  tab&quot;,&quot;duration&quot;:41413,&quot;state&quot;:&quot;failed&quot;,&quot;pass&quot;:false,&quot;fail&quot;:true,&quot;pending&quot;:false,&quot;code&quot;:&quot;DC.setGoToDecalPage2();\nDC.setPendingTab();\nDC.setinputSearch(&#x27;blahdadka amdakdja&#x27;);\nDC.setsearch();\nDC.setVerifyRequest(&#x27;No Data to Display&#x27;);\nln.setLogout();&quot;,&quot;err&quot;:{&quot;message&quot;:&quot;AssertionError: Timed out retrying after 20000ms: Expected to find element: `#burger-cont &gt; :nth-child(1)`, but never found it.&quot;,&quot;estack&quot;:&quot;AssertionError: Timed out retrying after 20000ms: Expected to find element: `#burger-cont &gt; :nth-child(1)`, but never found it.\n    at Decal.setGoToDecalPage2 (https://verve-access-customer.k8.isw.la/__cypress/tests?p=cypress\\e2e\\VerveAccess-UI-Tests-UAT\\B-CorporateAdminUATTests\\Decals.cy.js:154:8)\n    at Context.eval (https://verve-access-customer.k8.isw.la/__cypress/tests?p=cypress\\e2e\\VerveAccess-UI-Tests-UAT\\B-CorporateAdminUATTests\\Decals.cy.js:507:8)&quot;},&quot;uuid&quot;:&quot;17e2f876-c27b-4870-b114-6ea2c6398d50&quot;,&quot;parentUUID&quot;:&quot;66befb52-5591-40cd-bb50-b7e302bd89a7&quot;,&quot;isHook&quot;:false,&quot;skipped&quot;:false},{&quot;title&quot;:&quot;should Search for complete decal on Rejected tab &quot;,&quot;fullTitle&quot;:&quot;visit Verve Access should Search for complete decal on Rejected tab &quot;,&quot;duration&quot;:42614,&quot;state&quot;:&quot;failed&quot;,&quot;pass&quot;:false,&quot;fail&quot;:true,&quot;pending&quot;:false,&quot;code&quot;:&quot;DC.setGoToDecalPage2();\nDC.setRejectedTab();\nDC.setinputSearch(&#x27;Decal Item 53890&#x27;);\nDC.setsearch();\nDC.setVerifyRequest(&#x27;Decal Item 53890&#x27;);\nln.setLogout();&quot;,&quot;err&quot;:{&quot;message&quot;:&quot;AssertionError: Timed out retrying after 20000ms: Expected to find element: `#burger-cont &gt; :nth-child(1)`, but never found it.&quot;,&quot;estack&quot;:&quot;AssertionError: Timed out retrying after 20000ms: Expected to find element: `#burger-cont &gt; :nth-child(1)`, but never found it.\n    at Decal.setGoToDecalPage2 (https://verve-access-customer.k8.isw.la/__cypress/tests?p=cypress\\e2e\\VerveAccess-UI-Tests-UAT\\B-CorporateAdminUATTests\\Decals.cy.js:154:8)\n    at Context.eval (https://verve-access-customer.k8.isw.la/__cypress/tests?p=cypress\\e2e\\VerveAccess-UI-Tests-UAT\\B-CorporateAdminUATTests\\Decals.cy.js:515:8)&quot;},&quot;uuid&quot;:&quot;0c1ab5ce-9085-4b71-850e-930868a4938a&quot;,&quot;parentUUID&quot;:&quot;66befb52-5591-40cd-bb50-b7e302bd89a7&quot;,&quot;isHook&quot;:false,&quot;skipped&quot;:false},{&quot;title&quot;:&quot;should Search for incomplete decal on Rejected  tab&quot;,&quot;fullTitle&quot;:&quot;visit Verve Access should Search for incomplete decal on Rejected  tab&quot;,&quot;duration&quot;:59823,&quot;state&quot;:&quot;failed&quot;,&quot;pass&quot;:false,&quot;fail&quot;:true,&quot;pending&quot;:false,&quot;code&quot;:&quot;DC.setGoToDecalPage2();\nDC.setRejectedTab();\nDC.setinputSearch(&#x27;Decal It&#x27;);\nDC.setsearch();\nDC.setVerifyRequest(&#x27;Decal It&#x27;);\nln.setLogout();&quot;,&quot;err&quot;:{&quot;message&quot;:&quot;AssertionError: Timed out retrying after 20000ms: Expected to find element: `#burger-cont &gt; :nth-child(1)`, but never found it.&quot;,&quot;estack&quot;:&quot;AssertionError: Timed out retrying after 20000ms: Expected to find element: `#burger-cont &gt; :nth-child(1)`, but never found it.\n    at Decal.setGoToDecalPage2 (https://verve-access-customer.k8.isw.la/__cypress/tests?p=cypress\\e2e\\VerveAccess-UI-Tests-UAT\\B-CorporateAdminUATTests\\Decals.cy.js:154:8)\n    at Context.eval (https://verve-access-customer.k8.isw.la/__cypress/tests?p=cypress\\e2e\\VerveAccess-UI-Tests-UAT\\B-CorporateAdminUATTests\\Decals.cy.js:523:8)&quot;},&quot;uuid&quot;:&quot;0c64ed97-d465-4b29-a070-4dbf7a60f4ba&quot;,&quot;parentUUID&quot;:&quot;66befb52-5591-40cd-bb50-b7e302bd89a7&quot;,&quot;isHook&quot;:false,&quot;skipped&quot;:false},{&quot;title&quot;:&quot;should Search for invalid decal on Rejected  tab&quot;,&quot;fullTitle&quot;:&quot;visit Verve Access should Search for invalid decal on Rejected  tab&quot;,&quot;duration&quot;:100146,&quot;state&quot;:&quot;failed&quot;,&quot;pass&quot;:false,&quot;fail&quot;:true,&quot;pending&quot;:false,&quot;code&quot;:&quot;DC.setGoToDecalPage2();\nDC.setRejectedTab();\nDC.setinputSearch(&#x27;blahdadka amdakdja&#x27;);\nDC.setsearch();\nDC.setVerifyRequest(&#x27;No Data to Display&#x27;);\nln.setLogout();&quot;,&quot;err&quot;:{&quot;message&quot;:&quot;AssertionError: Timed out retrying after 20000ms: Expected to find element: `#burger-cont &gt; :nth-child(1)`, but never found it.&quot;,&quot;estack&quot;:&quot;AssertionError: Timed out retrying after 20000ms: Expected to find element: `#burger-cont &gt; :nth-child(1)`, but never found it.\n    at Decal.setGoToDecalPage2 (https://verve-access-customer.k8.isw.la/__cypress/tests?p=cypress\\e2e\\VerveAccess-UI-Tests-UAT\\B-CorporateAdminUATTests\\Decals.cy.js:154:8)\n    at Context.eval (https://verve-access-customer.k8.isw.la/__cypress/tests?p=cypress\\e2e\\VerveAccess-UI-Tests-UAT\\B-CorporateAdminUATTests\\Decals.cy.js:531:8)&quot;},&quot;uuid&quot;:&quot;d87164d0-8db2-453a-b5f1-cdebd9c5ac00&quot;,&quot;parentUUID&quot;:&quot;66befb52-5591-40cd-bb50-b7e302bd89a7&quot;,&quot;isHook&quot;:false,&quot;skipped&quot;:false}],&quot;suites&quot;:[],&quot;passes&quot;:[],&quot;failures&quot;:[&quot;57d80277-55c0-4783-9912-d2c40c0a3a98&quot;,&quot;50753236-d7cf-4ccb-bf9c-a56cd78bf7e6&quot;,&quot;9cbf5113-5f08-4091-8f6f-ffb092f49e6b&quot;,&quot;8b46add3-8705-4c4d-b9e2-7b49cc81c3c0&quot;,&quot;d213f89f-ae30-4fb4-be60-cc21c2f6191e&quot;,&quot;d46088d0-2af6-45c4-90a1-4ee620c0858c&quot;,&quot;5d3fef75-7c56-4deb-9dfc-8cdefa0e1f12&quot;,&quot;d6d0a410-e912-4c3a-9039-d4c043e1efe7&quot;,&quot;29f93736-6b32-4eef-ad89-4bff5e7292de&quot;,&quot;b233921f-b765-4951-bd8a-c14b5b8f1c0a&quot;,&quot;63aa672e-820c-46ae-9aaa-5f3ccddcb731&quot;,&quot;d9939d44-0042-4ab9-87f9-6641b3f90ecd&quot;,&quot;cd81b4a0-6bf3-445f-98ce-972b543903f0&quot;,&quot;d688be7e-4fe7-4aa4-90e9-b74c4e342493&quot;,&quot;525ea41b-9fdb-4e42-a06a-567ccd2e5257&quot;,&quot;17e2f876-c27b-4870-b114-6ea2c6398d50&quot;,&quot;0c1ab5ce-9085-4b71-850e-930868a4938a&quot;,&quot;0c64ed97-d465-4b29-a070-4dbf7a60f4ba&quot;,&quot;d87164d0-8db2-453a-b5f1-cdebd9c5ac00&quot;],&quot;pending&quot;:[],&quot;skipped&quot;:[],&quot;duration&quot;:890299,&quot;root&quot;:false,&quot;rootEmpty&quot;:false,&quot;_timeout&quot;:2000}],&quot;passes&quot;:[],&quot;failures&quot;:[],&quot;pending&quot;:[],&quot;skipped&quot;:[],&quot;duration&quot;:0,&quot;root&quot;:true,&quot;rootEmpty&quot;:true,&quot;_timeout&quot;:2000}],&quot;meta&quot;:{&quot;mocha&quot;:{&quot;version&quot;:&quot;7.0.1&quot;},&quot;mochawesome&quot;:{&quot;options&quot;:{&quot;quiet&quot;:false,&quot;reportFilename&quot;:&quot;mochawesome&quot;,&quot;saveHtml&quot;:true,&quot;saveJson&quot;:true,&quot;consoleReporter&quot;:&quot;spec&quot;,&quot;useInlineDiffs&quot;:false,&quot;code&quot;:true},&quot;version&quot;:&quot;7.1.3&quot;},&quot;marge&quot;:{&quot;options&quot;:{&quot;id&quot;:&quot;default&quot;,&quot;reportDir&quot;:&quot;cypress/reports/mocha&quot;,&quot;mochaFile&quot;:&quot;cypress/reports/results/my-test-output-[hash].xml&quot;,&quot;quite&quot;:true,&quot;overwrite&quot;:false,&quot;html&quot;:true,&quot;json&quot;:true},&quot;version&quot;:&quot;6.2.0&quot;}}}" data-config="{&quot;reportFilename&quot;:&quot;mochawesome&quot;,&quot;reportDir&quot;:&quot;cypress/reports/mocha&quot;,&quot;reportTitle&quot;:&quot;verveaccessuitests_uat&quot;,&quot;reportPageTitle&quot;:&quot;Mochawesome Report&quot;,&quot;inline&quot;:false,&quot;inlineAssets&quot;:false,&quot;cdn&quot;:false,&quot;charts&quot;:false,&quot;enableCharts&quot;:false,&quot;code&quot;:true,&quot;enableCode&quot;:true,&quot;autoOpen&quot;:false,&quot;overwrite&quot;:false,&quot;timestamp&quot;:false,&quot;ts&quot;:false,&quot;showPassed&quot;:true,&quot;showFailed&quot;:true,&quot;showPending&quot;:true,&quot;showSkipped&quot;:false,&quot;showHooks&quot;:&quot;failed&quot;,&quot;saveJson&quot;:true,&quot;saveHtml&quot;:true,&quot;dev&quot;:false,&quot;assetsDir&quot;:&quot;cypress\\reports\\mocha\\assets&quot;,&quot;jsonFile&quot;:&quot;C:\\Users\\Chijioke.njoku\\Documents\\verveaccessuitests_uat\\cypress\\reports\\mocha\\mochawesome.json&quot;,&quot;htmlFile&quot;:&quot;C:\\Users\\Chijioke.njoku\\Documents\\verveaccessuitests_uat\\cypress\\reports\\mocha\\mochawesome.html&quot;}"><div id="report"></div><script src="assets\app.js"></script></body></html>
=======
<html lang="en"><head><meta charSet="utf-8"/><meta http-equiv="X-UA-Compatible" content="IE=edge"/><meta name="viewport" content="width=device-width, initial-scale=1"/><title>Mochawesome Report</title><link rel="stylesheet" href="assets\app.css"/></head><body data-raw="{&quot;stats&quot;:{&quot;suites&quot;:1,&quot;tests&quot;:1,&quot;passes&quot;:0,&quot;pending&quot;:0,&quot;failures&quot;:1,&quot;start&quot;:&quot;2023-08-22T14:28:31.039Z&quot;,&quot;end&quot;:&quot;2023-08-22T14:29:17.230Z&quot;,&quot;duration&quot;:46191,&quot;testsRegistered&quot;:1,&quot;passPercent&quot;:0,&quot;pendingPercent&quot;:0,&quot;other&quot;:0,&quot;hasOther&quot;:false,&quot;skipped&quot;:0,&quot;hasSkipped&quot;:false},&quot;results&quot;:[{&quot;uuid&quot;:&quot;f11d4128-3bde-48ea-bc66-1e3807d3c0e9&quot;,&quot;title&quot;:&quot;&quot;,&quot;fullFile&quot;:&quot;cypress\\e2e\\VerveAccess-UI-Tests-UAT\\D-VerveAdminUATTests\\Users.cy.js&quot;,&quot;file&quot;:&quot;cypress\\e2e\\VerveAccess-UI-Tests-UAT\\D-VerveAdminUATTests\\Users.cy.js&quot;,&quot;beforeHooks&quot;:[],&quot;afterHooks&quot;:[],&quot;tests&quot;:[],&quot;suites&quot;:[{&quot;uuid&quot;:&quot;d846f70c-4878-4557-8de4-063a8e6a6206&quot;,&quot;title&quot;:&quot;visit Verve Access&quot;,&quot;fullFile&quot;:&quot;&quot;,&quot;file&quot;:&quot;&quot;,&quot;beforeHooks&quot;:[],&quot;afterHooks&quot;:[],&quot;tests&quot;:[{&quot;title&quot;:&quot;should Navigate to user and search&quot;,&quot;fullTitle&quot;:&quot;visit Verve Access should Navigate to user and search&quot;,&quot;duration&quot;:45898,&quot;state&quot;:&quot;failed&quot;,&quot;pass&quot;:false,&quot;fail&quot;:true,&quot;pending&quot;:false,&quot;code&quot;:&quot;cy.reload({\n  timeout: 130000\n});\ncy.get(&#x27;form&#x27;).within($form =&gt; {\n  ln.setUserName(Cypress.env(&#x27;vervAdminUser&#x27;));\n  ln.setPassword(Cypress.env(&#x27;verveAdminPass&#x27;));\n  ln.clickSubmit();\n}); // Search by Complete first name  on active tab     \nUs.setGoToUserPage();\nUs.setSearch(\&quot;Onyedikachi\&quot;);\nUs.setVerifySearch(\&quot;Onyedikachi\&quot;);\ncy.reload(); // Search by inComplete first name  on active tab     \nUs.setGoToUserPage();\nUs.setSearch(\&quot;Onye\&quot;);\nUs.setVerifySearch(\&quot;Onye\&quot;);\ncy.reload(); // Search by Complete last Name on active tab\nUs.setGoToUserPage();\nUs.setSearch(\&quot;Anumudu\&quot;);\nUs.setVerifySearch(\&quot;Anumudu\&quot;);\ncy.reload(); // Search by inComplete last Name on active tab\nUs.setGoToUserPage();\nUs.setSearch(\&quot;Anu\&quot;);\nUs.setVerifySearch(\&quot;Anu\&quot;);\ncy.reload(); // Search by Complete Email name on active tab\nUs.setGoToUserPage();\nUs.setSearch(\&quot;mayowa.onaolapo@interswitchgroup.com\&quot;);\nUs.setVerifySearch(\&quot;mayowa.onaolapo@interswitchgroup.com\&quot;);\ncy.reload(); // Search by inComplete email on active tab\nUs.setGoToUserPage();\nUs.setSearch(\&quot;mayowa.onaolapo\&quot;);\nUs.setVerifySearch(\&quot;mayowa.onaolapo\&quot;);\ncy.reload(); // Serach by innvalid parameter on on active tab\nUs.setGoToUserPage();\nUs.setSearch(\&quot;xxxxx903567\&quot;);\nUs.setVerifySearch(\&quot;No Data to Display\&quot;);\ncy.reload(); // Search by Complete first name  on inactive tab     \nUs.setGoToUserPage();\nUs.setInactiveTab();\nUs.setSearch(\&quot;Ijeoma\&quot;);\nUs.setVerifySearch(\&quot;Ijeoma\&quot;);\ncy.reload(); // Search by inComplete first name  on inactive tab     \nUs.setGoToUserPage();\nUs.setInactiveTab();\nUs.setSearch(\&quot;Ije\&quot;);\nUs.setVerifySearch(\&quot;Ije\&quot;);\ncy.reload(); // Search by Complete last Name on inactive tab\nUs.setGoToUserPage();\nUs.setInactiveTab();\nUs.setSearch(\&quot;Olebuezi\&quot;);\nUs.setVerifySearch(\&quot;Olebuezi\&quot;);\ncy.reload(); // Search by inComplete last Name on inactive tab\nUs.setGoToUserPage();\nUs.setInactiveTab();\nUs.setSearch(\&quot;Ole\&quot;);\nUs.setVerifySearch(\&quot;Ole\&quot;);\ncy.reload(); // Search by Complete Email name on inactive tab\nUs.setGoToUserPage();\nUs.setInactiveTab();\nUs.setSearch(\&quot;lynda.okoro@interswitchgroup.com\&quot;);\nUs.setVerifySearch(\&quot;lynda.okoro@interswitchgroup.com\&quot;);\ncy.reload(); // Search by inComplete email on inactive tab\nUs.setGoToUserPage();\nUs.setInactiveTab();\nUs.setSearch(\&quot;lynda.okoro\&quot;);\nUs.setVerifySearch(\&quot;lynda.okoro\&quot;);\ncy.reload(); // Serach by innvalid parameter on on inactive tab\nUs.setGoToUserPage();\nUs.setInactiveTab();\nUs.setSearch(\&quot;trjshdjdh udnskvfki\&quot;);\nUs.setVerifySearch(\&quot;No Data to Display\&quot;);\ncy.reload();&quot;,&quot;err&quot;:{&quot;message&quot;:&quot;AssertionError: Timed out retrying after 20000ms: Expected to find element: `form`, but never found it.&quot;,&quot;estack&quot;:&quot;AssertionError: Timed out retrying after 20000ms: Expected to find element: `form`, but never found it.\n    at Context.eval (https://verve-access-customer.k8.isw.la/__cypress/tests?p=cypress\\e2e\\VerveAccess-UI-Tests-UAT\\D-VerveAdminUATTests\\Users.cy.js:382:8)&quot;},&quot;uuid&quot;:&quot;370d692e-3a39-47b2-afc8-6075f390caa0&quot;,&quot;parentUUID&quot;:&quot;d846f70c-4878-4557-8de4-063a8e6a6206&quot;,&quot;isHook&quot;:false,&quot;skipped&quot;:false}],&quot;suites&quot;:[],&quot;passes&quot;:[],&quot;failures&quot;:[&quot;370d692e-3a39-47b2-afc8-6075f390caa0&quot;],&quot;pending&quot;:[],&quot;skipped&quot;:[],&quot;duration&quot;:45898,&quot;root&quot;:false,&quot;rootEmpty&quot;:false,&quot;_timeout&quot;:2000}],&quot;passes&quot;:[],&quot;failures&quot;:[],&quot;pending&quot;:[],&quot;skipped&quot;:[],&quot;duration&quot;:0,&quot;root&quot;:true,&quot;rootEmpty&quot;:true,&quot;_timeout&quot;:2000}],&quot;meta&quot;:{&quot;mocha&quot;:{&quot;version&quot;:&quot;7.0.1&quot;},&quot;mochawesome&quot;:{&quot;options&quot;:{&quot;quiet&quot;:false,&quot;reportFilename&quot;:&quot;mochawesome&quot;,&quot;saveHtml&quot;:true,&quot;saveJson&quot;:true,&quot;consoleReporter&quot;:&quot;spec&quot;,&quot;useInlineDiffs&quot;:false,&quot;code&quot;:true},&quot;version&quot;:&quot;7.1.3&quot;},&quot;marge&quot;:{&quot;options&quot;:{&quot;id&quot;:&quot;default&quot;,&quot;reportDir&quot;:&quot;cypress/reports/mocha&quot;,&quot;mochaFile&quot;:&quot;cypress/reports/results/my-test-output-[hash].xml&quot;,&quot;quite&quot;:true,&quot;overwrite&quot;:false,&quot;html&quot;:true,&quot;json&quot;:true},&quot;version&quot;:&quot;6.2.0&quot;}}}" data-config="{&quot;reportFilename&quot;:&quot;mochawesome&quot;,&quot;reportDir&quot;:&quot;cypress/reports/mocha&quot;,&quot;reportTitle&quot;:&quot;verveaccessuitests_uat&quot;,&quot;reportPageTitle&quot;:&quot;Mochawesome Report&quot;,&quot;inline&quot;:false,&quot;inlineAssets&quot;:false,&quot;cdn&quot;:false,&quot;charts&quot;:false,&quot;enableCharts&quot;:false,&quot;code&quot;:true,&quot;enableCode&quot;:true,&quot;autoOpen&quot;:false,&quot;overwrite&quot;:false,&quot;timestamp&quot;:false,&quot;ts&quot;:false,&quot;showPassed&quot;:true,&quot;showFailed&quot;:true,&quot;showPending&quot;:true,&quot;showSkipped&quot;:false,&quot;showHooks&quot;:&quot;failed&quot;,&quot;saveJson&quot;:true,&quot;saveHtml&quot;:true,&quot;dev&quot;:false,&quot;assetsDir&quot;:&quot;cypress\\reports\\mocha\\assets&quot;,&quot;jsonFile&quot;:&quot;C:\\Users\\ogechi.nwaobiala\\Documents\\verveaccessuitests_uat\\cypress\\reports\\mocha\\mochawesome.json&quot;,&quot;htmlFile&quot;:&quot;C:\\Users\\ogechi.nwaobiala\\Documents\\verveaccessuitests_uat\\cypress\\reports\\mocha\\mochawesome.html&quot;}"><div id="report"></div><script src="assets\app.js"></script></body></html>
>>>>>>> 6758b0e7ff0c6b758b70610ce02f26bc896d4963
