{
  "stats": {
    "suites": 1,
<<<<<<< HEAD
    "tests": 19,
    "passes": 0,
    "pending": 0,
    "failures": 19,
    "start": "2023-07-25T12:31:34.400Z",
    "end": "2023-07-25T12:46:30.497Z",
    "duration": 896097,
    "testsRegistered": 19,
=======
    "tests": 1,
    "passes": 0,
    "pending": 0,
    "failures": 1,
    "start": "2023-08-22T14:28:31.039Z",
    "end": "2023-08-22T14:29:17.230Z",
    "duration": 46191,
    "testsRegistered": 1,
>>>>>>> 6758b0e7ff0c6b758b70610ce02f26bc896d4963
    "passPercent": 0,
    "pendingPercent": 0,
    "other": 0,
    "hasOther": false,
    "skipped": 0,
    "hasSkipped": false
  },
  "results": [
    {
<<<<<<< HEAD
      "uuid": "9fc67bbb-ab9d-40a1-9119-20e53d58e1e0",
      "title": "",
      "fullFile": "cypress\\e2e\\VerveAccess-UI-Tests-UAT\\B-CorporateAdminUATTests\\Decals.cy.js",
      "file": "cypress\\e2e\\VerveAccess-UI-Tests-UAT\\B-CorporateAdminUATTests\\Decals.cy.js",
=======
      "uuid": "f11d4128-3bde-48ea-bc66-1e3807d3c0e9",
      "title": "",
      "fullFile": "cypress\\e2e\\VerveAccess-UI-Tests-UAT\\D-VerveAdminUATTests\\Users.cy.js",
      "file": "cypress\\e2e\\VerveAccess-UI-Tests-UAT\\D-VerveAdminUATTests\\Users.cy.js",
>>>>>>> 6758b0e7ff0c6b758b70610ce02f26bc896d4963
      "beforeHooks": [],
      "afterHooks": [],
      "tests": [],
      "suites": [
        {
<<<<<<< HEAD
          "uuid": "66befb52-5591-40cd-bb50-b7e302bd89a7",
=======
          "uuid": "d846f70c-4878-4557-8de4-063a8e6a6206",
>>>>>>> 6758b0e7ff0c6b758b70610ce02f26bc896d4963
          "title": "visit Verve Access",
          "fullFile": "",
          "file": "",
          "beforeHooks": [],
          "afterHooks": [],
          "tests": [
            {
<<<<<<< HEAD
              "title": "should view and approve ",
              "fullTitle": "visit Verve Access should view and approve ",
              "timedOut": null,
              "duration": 50093,
=======
              "title": "should Navigate to user and search",
              "fullTitle": "visit Verve Access should Navigate to user and search",
              "timedOut": null,
              "duration": 45898,
>>>>>>> 6758b0e7ff0c6b758b70610ce02f26bc896d4963
              "state": "failed",
              "speed": null,
              "pass": false,
              "fail": true,
              "pending": false,
              "context": null,
<<<<<<< HEAD
              "code": "DC.setGoToDecalPage2();\nDC.setPendingTab();\nDC.setSelectDecal1();\nDC.setApproveDecal();\nDC.setInputValue(varTest.test);\nDC.setSummitDecal();\nDC.setConfirmApproval();\nDC.setVerifyRequest('Approval was successful.');\nln.setLogout();",
              "err": {
                "message": "AssertionError: Timed out retrying after 20000ms: Expected to find element: `#burger-cont > :nth-child(1)`, but never found it.",
                "estack": "AssertionError: Timed out retrying after 20000ms: Expected to find element: `#burger-cont > :nth-child(1)`, but never found it.\n    at Decal.setGoToDecalPage2 (https://verve-access-customer.k8.isw.la/__cypress/tests?p=cypress\\e2e\\VerveAccess-UI-Tests-UAT\\B-CorporateAdminUATTests\\Decals.cy.js:154:8)\n    at Context.eval (https://verve-access-customer.k8.isw.la/__cypress/tests?p=cypress\\e2e\\VerveAccess-UI-Tests-UAT\\B-CorporateAdminUATTests\\Decals.cy.js:372:8)",
                "diff": null
              },
              "uuid": "57d80277-55c0-4783-9912-d2c40c0a3a98",
              "parentUUID": "66befb52-5591-40cd-bb50-b7e302bd89a7",
              "isHook": false,
              "skipped": false
            },
            {
              "title": "should close with close button ",
              "fullTitle": "visit Verve Access should close with close button ",
              "timedOut": null,
              "duration": 41583,
              "state": "failed",
              "speed": null,
              "pass": false,
              "fail": true,
              "pending": false,
              "context": null,
              "code": "DC.setGoToDecalPage2();\nDC.setPendingTab();\nDC.setSelectDecal1();\nDC.setApproveDecal();\nDC.setInputValue(varTest.test);\nDC.setSummitDecal();\nDC.setCloseModal3();\nln.setLogout();",
              "err": {
                "message": "AssertionError: Timed out retrying after 20000ms: Expected to find element: `#burger-cont > :nth-child(1)`, but never found it.",
                "estack": "AssertionError: Timed out retrying after 20000ms: Expected to find element: `#burger-cont > :nth-child(1)`, but never found it.\n    at Decal.setGoToDecalPage2 (https://verve-access-customer.k8.isw.la/__cypress/tests?p=cypress\\e2e\\VerveAccess-UI-Tests-UAT\\B-CorporateAdminUATTests\\Decals.cy.js:154:8)\n    at Context.eval (https://verve-access-customer.k8.isw.la/__cypress/tests?p=cypress\\e2e\\VerveAccess-UI-Tests-UAT\\B-CorporateAdminUATTests\\Decals.cy.js:383:8)",
                "diff": null
              },
              "uuid": "50753236-d7cf-4ccb-bf9c-a56cd78bf7e6",
              "parentUUID": "66befb52-5591-40cd-bb50-b7e302bd89a7",
              "isHook": false,
              "skipped": false
            },
            {
              "title": "should close with NO button ",
              "fullTitle": "visit Verve Access should close with NO button ",
              "timedOut": null,
              "duration": 42838,
              "state": "failed",
              "speed": null,
              "pass": false,
              "fail": true,
              "pending": false,
              "context": null,
              "code": "DC.setGoToDecalPage2();\nDC.setPendingTab();\nDC.setSelectDecal1();\nDC.setApproveDecal();\nDC.setInputValue(varTest.test);\nDC.setSummitDecal();\nDC.setCloseModalNo();\nln.setLogout();",
              "err": {
                "message": "AssertionError: Timed out retrying after 20000ms: Expected to find element: `#burger-cont > :nth-child(1)`, but never found it.",
                "estack": "AssertionError: Timed out retrying after 20000ms: Expected to find element: `#burger-cont > :nth-child(1)`, but never found it.\n    at Decal.setGoToDecalPage2 (https://verve-access-customer.k8.isw.la/__cypress/tests?p=cypress\\e2e\\VerveAccess-UI-Tests-UAT\\B-CorporateAdminUATTests\\Decals.cy.js:154:8)\n    at Context.eval (https://verve-access-customer.k8.isw.la/__cypress/tests?p=cypress\\e2e\\VerveAccess-UI-Tests-UAT\\B-CorporateAdminUATTests\\Decals.cy.js:393:8)",
                "diff": null
              },
              "uuid": "9cbf5113-5f08-4091-8f6f-ffb092f49e6b",
              "parentUUID": "66befb52-5591-40cd-bb50-b7e302bd89a7",
              "isHook": false,
              "skipped": false
            },
            {
              "title": "should view and reject ",
              "fullTitle": "visit Verve Access should view and reject ",
              "timedOut": null,
              "duration": 40776,
              "state": "failed",
              "speed": null,
              "pass": false,
              "fail": true,
              "pending": false,
              "context": null,
              "code": "DC.setGoToDecalPage2();\nDC.setPendingTab();\nDC.setSelectDecal1();\nDC.setRejectDecal();\nDC.setInputValue(varTest.test);\nDC.setSummitDecal();\nDC.setConfirmReject();\nDC.setVerifyRequest('Rejection was successful.');\nln.setLogout();",
              "err": {
                "message": "AssertionError: Timed out retrying after 20000ms: Expected to find element: `#burger-cont > :nth-child(1)`, but never found it.",
                "estack": "AssertionError: Timed out retrying after 20000ms: Expected to find element: `#burger-cont > :nth-child(1)`, but never found it.\n    at Decal.setGoToDecalPage2 (https://verve-access-customer.k8.isw.la/__cypress/tests?p=cypress\\e2e\\VerveAccess-UI-Tests-UAT\\B-CorporateAdminUATTests\\Decals.cy.js:154:8)\n    at Context.eval (https://verve-access-customer.k8.isw.la/__cypress/tests?p=cypress\\e2e\\VerveAccess-UI-Tests-UAT\\B-CorporateAdminUATTests\\Decals.cy.js:403:8)",
                "diff": null
              },
              "uuid": "8b46add3-8705-4c4d-b9e2-7b49cc81c3c0",
              "parentUUID": "66befb52-5591-40cd-bb50-b7e302bd89a7",
              "isHook": false,
              "skipped": false
            },
            {
              "title": "should not and reject without comment",
              "fullTitle": "visit Verve Access should not and reject without comment",
              "timedOut": null,
              "duration": 41313,
              "state": "failed",
              "speed": null,
              "pass": false,
              "fail": true,
              "pending": false,
              "context": null,
              "code": "DC.setGoToDecalPage2();\nDC.setPendingTab();\nDC.setSelectDecal1();\nDC.setRejectDecal(); //DC.setInputValue(varTest.test)\nDC.setSummitDecal();\nDC.setCloseModal2();\nln.setLogout();",
              "err": {
                "message": "AssertionError: Timed out retrying after 20000ms: Expected to find element: `#burger-cont > :nth-child(1)`, but never found it.",
                "estack": "AssertionError: Timed out retrying after 20000ms: Expected to find element: `#burger-cont > :nth-child(1)`, but never found it.\n    at Decal.setGoToDecalPage2 (https://verve-access-customer.k8.isw.la/__cypress/tests?p=cypress\\e2e\\VerveAccess-UI-Tests-UAT\\B-CorporateAdminUATTests\\Decals.cy.js:154:8)\n    at Context.eval (https://verve-access-customer.k8.isw.la/__cypress/tests?p=cypress\\e2e\\VerveAccess-UI-Tests-UAT\\B-CorporateAdminUATTests\\Decals.cy.js:414:8)",
                "diff": null
              },
              "uuid": "d213f89f-ae30-4fb4-be60-cc21c2f6191e",
              "parentUUID": "66befb52-5591-40cd-bb50-b7e302bd89a7",
              "isHook": false,
              "skipped": false
            },
            {
              "title": "should close modal with No",
              "fullTitle": "visit Verve Access should close modal with No",
              "timedOut": null,
              "duration": 40364,
              "state": "failed",
              "speed": null,
              "pass": false,
              "fail": true,
              "pending": false,
              "context": null,
              "code": "DC.setGoToDecalPage2();\nDC.setPendingTab();\nDC.setSelectDecal1();\nDC.setRejectDecal();\nDC.setInputValue(varTest.test);\nDC.setSummitDecal();\nDC.setCloseModalNo();\nln.setLogout();",
              "err": {
                "message": "AssertionError: Timed out retrying after 20000ms: Expected to find element: `#burger-cont > :nth-child(1)`, but never found it.",
                "estack": "AssertionError: Timed out retrying after 20000ms: Expected to find element: `#burger-cont > :nth-child(1)`, but never found it.\n    at Decal.setGoToDecalPage2 (https://verve-access-customer.k8.isw.la/__cypress/tests?p=cypress\\e2e\\VerveAccess-UI-Tests-UAT\\B-CorporateAdminUATTests\\Decals.cy.js:154:8)\n    at Context.eval (https://verve-access-customer.k8.isw.la/__cypress/tests?p=cypress\\e2e\\VerveAccess-UI-Tests-UAT\\B-CorporateAdminUATTests\\Decals.cy.js:424:8)",
                "diff": null
              },
              "uuid": "d46088d0-2af6-45c4-90a1-4ee620c0858c",
              "parentUUID": "66befb52-5591-40cd-bb50-b7e302bd89a7",
              "isHook": false,
              "skipped": false
            },
            {
              "title": "should close modal with close",
              "fullTitle": "visit Verve Access should close modal with close",
              "timedOut": null,
              "duration": 40280,
              "state": "failed",
              "speed": null,
              "pass": false,
              "fail": true,
              "pending": false,
              "context": null,
              "code": "DC.setGoToDecalPage2();\nDC.setPendingTab();\nDC.setSelectDecal1();\nDC.setRejectDecal();\nDC.setInputValue(varTest.test);\nDC.setCloseModal2();\nln.setLogout();",
              "err": {
                "message": "AssertionError: Timed out retrying after 20000ms: Expected to find element: `#burger-cont > :nth-child(1)`, but never found it.",
                "estack": "AssertionError: Timed out retrying after 20000ms: Expected to find element: `#burger-cont > :nth-child(1)`, but never found it.\n    at Decal.setGoToDecalPage2 (https://verve-access-customer.k8.isw.la/__cypress/tests?p=cypress\\e2e\\VerveAccess-UI-Tests-UAT\\B-CorporateAdminUATTests\\Decals.cy.js:154:8)\n    at Context.eval (https://verve-access-customer.k8.isw.la/__cypress/tests?p=cypress\\e2e\\VerveAccess-UI-Tests-UAT\\B-CorporateAdminUATTests\\Decals.cy.js:434:8)",
                "diff": null
              },
              "uuid": "5d3fef75-7c56-4deb-9dfc-8cdefa0e1f12",
              "parentUUID": "66befb52-5591-40cd-bb50-b7e302bd89a7",
              "isHook": false,
              "skipped": false
            },
            {
              "title": "should view and  not approve without comment ",
              "fullTitle": "visit Verve Access should view and  not approve without comment ",
              "timedOut": null,
              "duration": 41077,
              "state": "failed",
              "speed": null,
              "pass": false,
              "fail": true,
              "pending": false,
              "context": null,
              "code": "DC.setGoToDecalPage2();\nDC.setPendingTab();\nDC.setSelectDecal1();\nDC.setApproveDecal(); //DC.setInputValue(varTest.test)\nDC.setCloseModal2();\nln.setLogout();",
              "err": {
                "message": "AssertionError: Timed out retrying after 20000ms: Expected to find element: `#burger-cont > :nth-child(1)`, but never found it.",
                "estack": "AssertionError: Timed out retrying after 20000ms: Expected to find element: `#burger-cont > :nth-child(1)`, but never found it.\n    at Decal.setGoToDecalPage2 (https://verve-access-customer.k8.isw.la/__cypress/tests?p=cypress\\e2e\\VerveAccess-UI-Tests-UAT\\B-CorporateAdminUATTests\\Decals.cy.js:154:8)\n    at Context.eval (https://verve-access-customer.k8.isw.la/__cypress/tests?p=cypress\\e2e\\VerveAccess-UI-Tests-UAT\\B-CorporateAdminUATTests\\Decals.cy.js:443:8)",
                "diff": null
              },
              "uuid": "d6d0a410-e912-4c3a-9039-d4c043e1efe7",
              "parentUUID": "66befb52-5591-40cd-bb50-b7e302bd89a7",
              "isHook": false,
              "skipped": false
            },
            {
              "title": "should approve decal",
              "fullTitle": "visit Verve Access should approve decal",
              "timedOut": null,
              "duration": 45031,
              "state": "failed",
              "speed": null,
              "pass": false,
              "fail": true,
              "pending": false,
              "context": null,
              "code": "DC.setGoToDecalPage2();\nDC.setPendingTab();\nDC.setSelectDecal2();\nDC.setInputValue(varTest.test);\nDC.setSummitDecal();\nDC.setConfirmApproval();\nDC.setVerifyRequest('Approval was successful.');\nln.setLogout();",
              "err": {
                "message": "AssertionError: Timed out retrying after 20000ms: Expected to find element: `#burger-cont > :nth-child(1)`, but never found it.",
                "estack": "AssertionError: Timed out retrying after 20000ms: Expected to find element: `#burger-cont > :nth-child(1)`, but never found it.\n    at Decal.setGoToDecalPage2 (https://verve-access-customer.k8.isw.la/__cypress/tests?p=cypress\\e2e\\VerveAccess-UI-Tests-UAT\\B-CorporateAdminUATTests\\Decals.cy.js:154:8)\n    at Context.eval (https://verve-access-customer.k8.isw.la/__cypress/tests?p=cypress\\e2e\\VerveAccess-UI-Tests-UAT\\B-CorporateAdminUATTests\\Decals.cy.js:452:8)",
                "diff": null
              },
              "uuid": "29f93736-6b32-4eef-ad89-4bff5e7292de",
              "parentUUID": "66befb52-5591-40cd-bb50-b7e302bd89a7",
              "isHook": false,
              "skipped": false
            },
            {
              "title": "should not approve decal without comment",
              "fullTitle": "visit Verve Access should not approve decal without comment",
              "timedOut": null,
              "duration": 43404,
              "state": "failed",
              "speed": null,
              "pass": false,
              "fail": true,
              "pending": false,
              "context": null,
              "code": "DC.setGoToDecalPage2();\nDC.setPendingTab();\nDC.setSelectDecal2(); // DC.setInputValue(varTest.test)\nDC.setCloseModal2();\nln.setLogout();",
              "err": {
                "message": "AssertionError: Timed out retrying after 20000ms: Expected to find element: `#burger-cont > :nth-child(1)`, but never found it.",
                "estack": "AssertionError: Timed out retrying after 20000ms: Expected to find element: `#burger-cont > :nth-child(1)`, but never found it.\n    at Decal.setGoToDecalPage2 (https://verve-access-customer.k8.isw.la/__cypress/tests?p=cypress\\e2e\\VerveAccess-UI-Tests-UAT\\B-CorporateAdminUATTests\\Decals.cy.js:154:8)\n    at Context.eval (https://verve-access-customer.k8.isw.la/__cypress/tests?p=cypress\\e2e\\VerveAccess-UI-Tests-UAT\\B-CorporateAdminUATTests\\Decals.cy.js:462:8)",
                "diff": null
              },
              "uuid": "b233921f-b765-4951-bd8a-c14b5b8f1c0a",
              "parentUUID": "66befb52-5591-40cd-bb50-b7e302bd89a7",
              "isHook": false,
              "skipped": false
            },
            {
              "title": "should Search for complete decal on Approved tab ",
              "fullTitle": "visit Verve Access should Search for complete decal on Approved tab ",
              "timedOut": null,
              "duration": 41149,
              "state": "failed",
              "speed": null,
              "pass": false,
              "fail": true,
              "pending": false,
              "context": null,
              "code": "DC.setGoToDecalPage2();\nDC.setinputSearch('Decal Item 41891');\nDC.setsearch();\nDC.setVerifyRequest('Decal Item 41891');\nln.setLogout();",
              "err": {
                "message": "AssertionError: Timed out retrying after 20000ms: Expected to find element: `#burger-cont > :nth-child(1)`, but never found it.",
                "estack": "AssertionError: Timed out retrying after 20000ms: Expected to find element: `#burger-cont > :nth-child(1)`, but never found it.\n    at Decal.setGoToDecalPage2 (https://verve-access-customer.k8.isw.la/__cypress/tests?p=cypress\\e2e\\VerveAccess-UI-Tests-UAT\\B-CorporateAdminUATTests\\Decals.cy.js:154:8)\n    at Context.eval (https://verve-access-customer.k8.isw.la/__cypress/tests?p=cypress\\e2e\\VerveAccess-UI-Tests-UAT\\B-CorporateAdminUATTests\\Decals.cy.js:470:8)",
                "diff": null
              },
              "uuid": "63aa672e-820c-46ae-9aaa-5f3ccddcb731",
              "parentUUID": "66befb52-5591-40cd-bb50-b7e302bd89a7",
              "isHook": false,
              "skipped": false
            },
            {
              "title": "should Search for incomplete decal on Approved tab",
              "fullTitle": "visit Verve Access should Search for incomplete decal on Approved tab",
              "timedOut": null,
              "duration": 41614,
              "state": "failed",
              "speed": null,
              "pass": false,
              "fail": true,
              "pending": false,
              "context": null,
              "code": "DC.setGoToDecalPage2();\nDC.setinputSearch('Decal It');\nDC.setsearch();\nDC.setVerifyRequest('Decal It');\nln.setLogout();",
              "err": {
                "message": "AssertionError: Timed out retrying after 20000ms: Expected to find element: `#burger-cont > :nth-child(1)`, but never found it.",
                "estack": "AssertionError: Timed out retrying after 20000ms: Expected to find element: `#burger-cont > :nth-child(1)`, but never found it.\n    at Decal.setGoToDecalPage2 (https://verve-access-customer.k8.isw.la/__cypress/tests?p=cypress\\e2e\\VerveAccess-UI-Tests-UAT\\B-CorporateAdminUATTests\\Decals.cy.js:154:8)\n    at Context.eval (https://verve-access-customer.k8.isw.la/__cypress/tests?p=cypress\\e2e\\VerveAccess-UI-Tests-UAT\\B-CorporateAdminUATTests\\Decals.cy.js:477:8)",
                "diff": null
              },
              "uuid": "d9939d44-0042-4ab9-87f9-6641b3f90ecd",
              "parentUUID": "66befb52-5591-40cd-bb50-b7e302bd89a7",
              "isHook": false,
              "skipped": false
            },
            {
              "title": "should Search for invalid decal on Approved tab",
              "fullTitle": "visit Verve Access should Search for invalid decal on Approved tab",
              "timedOut": null,
              "duration": 45406,
              "state": "failed",
              "speed": null,
              "pass": false,
              "fail": true,
              "pending": false,
              "context": null,
              "code": "DC.setGoToDecalPage2();\nDC.setinputSearch('blahdadka amdakdja');\nDC.setsearch();\nDC.setVerifyRequest('No Data to Display');\nln.setLogout();",
              "err": {
                "message": "AssertionError: Timed out retrying after 20000ms: Expected to find element: `#burger-cont > :nth-child(1)`, but never found it.",
                "estack": "AssertionError: Timed out retrying after 20000ms: Expected to find element: `#burger-cont > :nth-child(1)`, but never found it.\n    at Decal.setGoToDecalPage2 (https://verve-access-customer.k8.isw.la/__cypress/tests?p=cypress\\e2e\\VerveAccess-UI-Tests-UAT\\B-CorporateAdminUATTests\\Decals.cy.js:154:8)\n    at Context.eval (https://verve-access-customer.k8.isw.la/__cypress/tests?p=cypress\\e2e\\VerveAccess-UI-Tests-UAT\\B-CorporateAdminUATTests\\Decals.cy.js:484:8)",
                "diff": null
              },
              "uuid": "cd81b4a0-6bf3-445f-98ce-972b543903f0",
              "parentUUID": "66befb52-5591-40cd-bb50-b7e302bd89a7",
              "isHook": false,
              "skipped": false
            },
            {
              "title": "should Search for complete decal on Pending tab ",
              "fullTitle": "visit Verve Access should Search for complete decal on Pending tab ",
              "timedOut": null,
              "duration": 44547,
              "state": "failed",
              "speed": null,
              "pass": false,
              "fail": true,
              "pending": false,
              "context": null,
              "code": "DC.setGoToDecalPage2();\nDC.setPendingTab();\nDC.setinputSearch('Decal Item 87545');\nDC.setsearch();\nDC.setVerifyRequest('Decal Item 87545');\nln.setLogout();",
              "err": {
                "message": "AssertionError: Timed out retrying after 20000ms: Expected to find element: `#burger-cont > :nth-child(1)`, but never found it.",
                "estack": "AssertionError: Timed out retrying after 20000ms: Expected to find element: `#burger-cont > :nth-child(1)`, but never found it.\n    at Decal.setGoToDecalPage2 (https://verve-access-customer.k8.isw.la/__cypress/tests?p=cypress\\e2e\\VerveAccess-UI-Tests-UAT\\B-CorporateAdminUATTests\\Decals.cy.js:154:8)\n    at Context.eval (https://verve-access-customer.k8.isw.la/__cypress/tests?p=cypress\\e2e\\VerveAccess-UI-Tests-UAT\\B-CorporateAdminUATTests\\Decals.cy.js:491:8)",
                "diff": null
              },
              "uuid": "d688be7e-4fe7-4aa4-90e9-b74c4e342493",
              "parentUUID": "66befb52-5591-40cd-bb50-b7e302bd89a7",
              "isHook": false,
              "skipped": false
            },
            {
              "title": "should Search for incomplete decal on Pending  tab",
              "fullTitle": "visit Verve Access should Search for incomplete decal on Pending  tab",
              "timedOut": null,
              "duration": 46828,
              "state": "failed",
              "speed": null,
              "pass": false,
              "fail": true,
              "pending": false,
              "context": null,
              "code": "DC.setGoToDecalPage2();\nDC.setPendingTab();\nDC.setinputSearch('Decal It');\nDC.setsearch();\nDC.setVerifyRequest('Decal It');\nln.setLogout();",
              "err": {
                "message": "AssertionError: Timed out retrying after 20000ms: Expected to find element: `#burger-cont > :nth-child(1)`, but never found it.",
                "estack": "AssertionError: Timed out retrying after 20000ms: Expected to find element: `#burger-cont > :nth-child(1)`, but never found it.\n    at Decal.setGoToDecalPage2 (https://verve-access-customer.k8.isw.la/__cypress/tests?p=cypress\\e2e\\VerveAccess-UI-Tests-UAT\\B-CorporateAdminUATTests\\Decals.cy.js:154:8)\n    at Context.eval (https://verve-access-customer.k8.isw.la/__cypress/tests?p=cypress\\e2e\\VerveAccess-UI-Tests-UAT\\B-CorporateAdminUATTests\\Decals.cy.js:499:8)",
                "diff": null
              },
              "uuid": "525ea41b-9fdb-4e42-a06a-567ccd2e5257",
              "parentUUID": "66befb52-5591-40cd-bb50-b7e302bd89a7",
              "isHook": false,
              "skipped": false
            },
            {
              "title": "should Search for invalid decal on Pending  tab",
              "fullTitle": "visit Verve Access should Search for invalid decal on Pending  tab",
              "timedOut": null,
              "duration": 41413,
              "state": "failed",
              "speed": null,
              "pass": false,
              "fail": true,
              "pending": false,
              "context": null,
              "code": "DC.setGoToDecalPage2();\nDC.setPendingTab();\nDC.setinputSearch('blahdadka amdakdja');\nDC.setsearch();\nDC.setVerifyRequest('No Data to Display');\nln.setLogout();",
              "err": {
                "message": "AssertionError: Timed out retrying after 20000ms: Expected to find element: `#burger-cont > :nth-child(1)`, but never found it.",
                "estack": "AssertionError: Timed out retrying after 20000ms: Expected to find element: `#burger-cont > :nth-child(1)`, but never found it.\n    at Decal.setGoToDecalPage2 (https://verve-access-customer.k8.isw.la/__cypress/tests?p=cypress\\e2e\\VerveAccess-UI-Tests-UAT\\B-CorporateAdminUATTests\\Decals.cy.js:154:8)\n    at Context.eval (https://verve-access-customer.k8.isw.la/__cypress/tests?p=cypress\\e2e\\VerveAccess-UI-Tests-UAT\\B-CorporateAdminUATTests\\Decals.cy.js:507:8)",
                "diff": null
              },
              "uuid": "17e2f876-c27b-4870-b114-6ea2c6398d50",
              "parentUUID": "66befb52-5591-40cd-bb50-b7e302bd89a7",
              "isHook": false,
              "skipped": false
            },
            {
              "title": "should Search for complete decal on Rejected tab ",
              "fullTitle": "visit Verve Access should Search for complete decal on Rejected tab ",
              "timedOut": null,
              "duration": 42614,
              "state": "failed",
              "speed": null,
              "pass": false,
              "fail": true,
              "pending": false,
              "context": null,
              "code": "DC.setGoToDecalPage2();\nDC.setRejectedTab();\nDC.setinputSearch('Decal Item 53890');\nDC.setsearch();\nDC.setVerifyRequest('Decal Item 53890');\nln.setLogout();",
              "err": {
                "message": "AssertionError: Timed out retrying after 20000ms: Expected to find element: `#burger-cont > :nth-child(1)`, but never found it.",
                "estack": "AssertionError: Timed out retrying after 20000ms: Expected to find element: `#burger-cont > :nth-child(1)`, but never found it.\n    at Decal.setGoToDecalPage2 (https://verve-access-customer.k8.isw.la/__cypress/tests?p=cypress\\e2e\\VerveAccess-UI-Tests-UAT\\B-CorporateAdminUATTests\\Decals.cy.js:154:8)\n    at Context.eval (https://verve-access-customer.k8.isw.la/__cypress/tests?p=cypress\\e2e\\VerveAccess-UI-Tests-UAT\\B-CorporateAdminUATTests\\Decals.cy.js:515:8)",
                "diff": null
              },
              "uuid": "0c1ab5ce-9085-4b71-850e-930868a4938a",
              "parentUUID": "66befb52-5591-40cd-bb50-b7e302bd89a7",
              "isHook": false,
              "skipped": false
            },
            {
              "title": "should Search for incomplete decal on Rejected  tab",
              "fullTitle": "visit Verve Access should Search for incomplete decal on Rejected  tab",
              "timedOut": null,
              "duration": 59823,
              "state": "failed",
              "speed": null,
              "pass": false,
              "fail": true,
              "pending": false,
              "context": null,
              "code": "DC.setGoToDecalPage2();\nDC.setRejectedTab();\nDC.setinputSearch('Decal It');\nDC.setsearch();\nDC.setVerifyRequest('Decal It');\nln.setLogout();",
              "err": {
                "message": "AssertionError: Timed out retrying after 20000ms: Expected to find element: `#burger-cont > :nth-child(1)`, but never found it.",
                "estack": "AssertionError: Timed out retrying after 20000ms: Expected to find element: `#burger-cont > :nth-child(1)`, but never found it.\n    at Decal.setGoToDecalPage2 (https://verve-access-customer.k8.isw.la/__cypress/tests?p=cypress\\e2e\\VerveAccess-UI-Tests-UAT\\B-CorporateAdminUATTests\\Decals.cy.js:154:8)\n    at Context.eval (https://verve-access-customer.k8.isw.la/__cypress/tests?p=cypress\\e2e\\VerveAccess-UI-Tests-UAT\\B-CorporateAdminUATTests\\Decals.cy.js:523:8)",
                "diff": null
              },
              "uuid": "0c64ed97-d465-4b29-a070-4dbf7a60f4ba",
              "parentUUID": "66befb52-5591-40cd-bb50-b7e302bd89a7",
              "isHook": false,
              "skipped": false
            },
            {
              "title": "should Search for invalid decal on Rejected  tab",
              "fullTitle": "visit Verve Access should Search for invalid decal on Rejected  tab",
              "timedOut": null,
              "duration": 100146,
              "state": "failed",
              "speed": null,
              "pass": false,
              "fail": true,
              "pending": false,
              "context": null,
              "code": "DC.setGoToDecalPage2();\nDC.setRejectedTab();\nDC.setinputSearch('blahdadka amdakdja');\nDC.setsearch();\nDC.setVerifyRequest('No Data to Display');\nln.setLogout();",
              "err": {
                "message": "AssertionError: Timed out retrying after 20000ms: Expected to find element: `#burger-cont > :nth-child(1)`, but never found it.",
                "estack": "AssertionError: Timed out retrying after 20000ms: Expected to find element: `#burger-cont > :nth-child(1)`, but never found it.\n    at Decal.setGoToDecalPage2 (https://verve-access-customer.k8.isw.la/__cypress/tests?p=cypress\\e2e\\VerveAccess-UI-Tests-UAT\\B-CorporateAdminUATTests\\Decals.cy.js:154:8)\n    at Context.eval (https://verve-access-customer.k8.isw.la/__cypress/tests?p=cypress\\e2e\\VerveAccess-UI-Tests-UAT\\B-CorporateAdminUATTests\\Decals.cy.js:531:8)",
                "diff": null
              },
              "uuid": "d87164d0-8db2-453a-b5f1-cdebd9c5ac00",
              "parentUUID": "66befb52-5591-40cd-bb50-b7e302bd89a7",
=======
              "code": "cy.reload({\n  timeout: 130000\n});\ncy.get('form').within($form => {\n  ln.setUserName(Cypress.env('vervAdminUser'));\n  ln.setPassword(Cypress.env('verveAdminPass'));\n  ln.clickSubmit();\n}); // Search by Complete first name  on active tab     \nUs.setGoToUserPage();\nUs.setSearch(\"Onyedikachi\");\nUs.setVerifySearch(\"Onyedikachi\");\ncy.reload(); // Search by inComplete first name  on active tab     \nUs.setGoToUserPage();\nUs.setSearch(\"Onye\");\nUs.setVerifySearch(\"Onye\");\ncy.reload(); // Search by Complete last Name on active tab\nUs.setGoToUserPage();\nUs.setSearch(\"Anumudu\");\nUs.setVerifySearch(\"Anumudu\");\ncy.reload(); // Search by inComplete last Name on active tab\nUs.setGoToUserPage();\nUs.setSearch(\"Anu\");\nUs.setVerifySearch(\"Anu\");\ncy.reload(); // Search by Complete Email name on active tab\nUs.setGoToUserPage();\nUs.setSearch(\"mayowa.onaolapo@interswitchgroup.com\");\nUs.setVerifySearch(\"mayowa.onaolapo@interswitchgroup.com\");\ncy.reload(); // Search by inComplete email on active tab\nUs.setGoToUserPage();\nUs.setSearch(\"mayowa.onaolapo\");\nUs.setVerifySearch(\"mayowa.onaolapo\");\ncy.reload(); // Serach by innvalid parameter on on active tab\nUs.setGoToUserPage();\nUs.setSearch(\"xxxxx903567\");\nUs.setVerifySearch(\"No Data to Display\");\ncy.reload(); // Search by Complete first name  on inactive tab     \nUs.setGoToUserPage();\nUs.setInactiveTab();\nUs.setSearch(\"Ijeoma\");\nUs.setVerifySearch(\"Ijeoma\");\ncy.reload(); // Search by inComplete first name  on inactive tab     \nUs.setGoToUserPage();\nUs.setInactiveTab();\nUs.setSearch(\"Ije\");\nUs.setVerifySearch(\"Ije\");\ncy.reload(); // Search by Complete last Name on inactive tab\nUs.setGoToUserPage();\nUs.setInactiveTab();\nUs.setSearch(\"Olebuezi\");\nUs.setVerifySearch(\"Olebuezi\");\ncy.reload(); // Search by inComplete last Name on inactive tab\nUs.setGoToUserPage();\nUs.setInactiveTab();\nUs.setSearch(\"Ole\");\nUs.setVerifySearch(\"Ole\");\ncy.reload(); // Search by Complete Email name on inactive tab\nUs.setGoToUserPage();\nUs.setInactiveTab();\nUs.setSearch(\"lynda.okoro@interswitchgroup.com\");\nUs.setVerifySearch(\"lynda.okoro@interswitchgroup.com\");\ncy.reload(); // Search by inComplete email on inactive tab\nUs.setGoToUserPage();\nUs.setInactiveTab();\nUs.setSearch(\"lynda.okoro\");\nUs.setVerifySearch(\"lynda.okoro\");\ncy.reload(); // Serach by innvalid parameter on on inactive tab\nUs.setGoToUserPage();\nUs.setInactiveTab();\nUs.setSearch(\"trjshdjdh udnskvfki\");\nUs.setVerifySearch(\"No Data to Display\");\ncy.reload();",
              "err": {
                "message": "AssertionError: Timed out retrying after 20000ms: Expected to find element: `form`, but never found it.",
                "estack": "AssertionError: Timed out retrying after 20000ms: Expected to find element: `form`, but never found it.\n    at Context.eval (https://verve-access-customer.k8.isw.la/__cypress/tests?p=cypress\\e2e\\VerveAccess-UI-Tests-UAT\\D-VerveAdminUATTests\\Users.cy.js:382:8)",
                "diff": null
              },
              "uuid": "370d692e-3a39-47b2-afc8-6075f390caa0",
              "parentUUID": "d846f70c-4878-4557-8de4-063a8e6a6206",
>>>>>>> 6758b0e7ff0c6b758b70610ce02f26bc896d4963
              "isHook": false,
              "skipped": false
            }
          ],
          "suites": [],
          "passes": [],
          "failures": [
<<<<<<< HEAD
            "57d80277-55c0-4783-9912-d2c40c0a3a98",
            "50753236-d7cf-4ccb-bf9c-a56cd78bf7e6",
            "9cbf5113-5f08-4091-8f6f-ffb092f49e6b",
            "8b46add3-8705-4c4d-b9e2-7b49cc81c3c0",
            "d213f89f-ae30-4fb4-be60-cc21c2f6191e",
            "d46088d0-2af6-45c4-90a1-4ee620c0858c",
            "5d3fef75-7c56-4deb-9dfc-8cdefa0e1f12",
            "d6d0a410-e912-4c3a-9039-d4c043e1efe7",
            "29f93736-6b32-4eef-ad89-4bff5e7292de",
            "b233921f-b765-4951-bd8a-c14b5b8f1c0a",
            "63aa672e-820c-46ae-9aaa-5f3ccddcb731",
            "d9939d44-0042-4ab9-87f9-6641b3f90ecd",
            "cd81b4a0-6bf3-445f-98ce-972b543903f0",
            "d688be7e-4fe7-4aa4-90e9-b74c4e342493",
            "525ea41b-9fdb-4e42-a06a-567ccd2e5257",
            "17e2f876-c27b-4870-b114-6ea2c6398d50",
            "0c1ab5ce-9085-4b71-850e-930868a4938a",
            "0c64ed97-d465-4b29-a070-4dbf7a60f4ba",
            "d87164d0-8db2-453a-b5f1-cdebd9c5ac00"
          ],
          "pending": [],
          "skipped": [],
          "duration": 890299,
=======
            "370d692e-3a39-47b2-afc8-6075f390caa0"
          ],
          "pending": [],
          "skipped": [],
          "duration": 45898,
>>>>>>> 6758b0e7ff0c6b758b70610ce02f26bc896d4963
          "root": false,
          "rootEmpty": false,
          "_timeout": 2000
        }
      ],
      "passes": [],
      "failures": [],
      "pending": [],
      "skipped": [],
      "duration": 0,
      "root": true,
      "rootEmpty": true,
      "_timeout": 2000
    }
  ],
  "meta": {
    "mocha": {
      "version": "7.0.1"
    },
    "mochawesome": {
      "options": {
        "quiet": false,
        "reportFilename": "mochawesome",
        "saveHtml": true,
        "saveJson": true,
        "consoleReporter": "spec",
        "useInlineDiffs": false,
        "code": true
      },
      "version": "7.1.3"
    },
    "marge": {
      "options": {
        "id": "default",
        "reportDir": "cypress/reports/mocha",
        "mochaFile": "cypress/reports/results/my-test-output-[hash].xml",
        "quite": true,
        "overwrite": false,
        "html": true,
        "json": true
      },
      "version": "6.2.0"
    }
  }
}